2023.03.15 14:57:51 INFO  Started: Metals version 0.11.11 in workspace '/home/ascoz/Documents/java/PolyStore/cart' for client Visual Studio Code 1.76.1.[0m
SLF4J: No SLF4J providers were found.
SLF4J: Defaulting to no-operation (NOP) logger implementation
SLF4J: See https://www.slf4j.org/codes.html#noProviders for further details.
SLF4J: Class path contains SLF4J bindings targeting slf4j-api versions 1.7.x or earlier.
SLF4J: Ignoring binding found at [jar:file:/home/ascoz/.cache/coursier/v1/https/repo1.maven.org/maven2/com/outr/scribe-slf4j_2.13/3.11.0/scribe-slf4j_2.13-3.11.0.jar!/org/slf4j/impl/StaticLoggerBinder.class]
SLF4J: See https://www.slf4j.org/codes.html#ignoredBindings for an explanation.
2023.03.15 14:57:52 INFO  time: initialize in 0.53s[0m
2023.03.15 14:57:53 WARN  Build server is not auto-connectable.[0m
2023.03.15 14:57:53 WARN  no build target for: /home/ascoz/Documents/java/PolyStore/cart/src/main/java/fr/polytech/polystore/cart/CartApplication.java[0m
2023.03.15 14:57:58 INFO  running '/usr/lib/jvm/java-17-openjdk-amd64/bin/java -Dfile.encoding=UTF-8 -Dmaven.multiModuleProjectDirectory=/home/ascoz/Documents/java/PolyStore/cart -Dmaven.home=/tmp/metals1859406363980376186 -cp /tmp/metals1859406363980376186/maven-wrapper.jar org.apache.maven.wrapper.MavenWrapperMain generate-sources ch.epfl.scala:bloop-maven-plugin:2.0.0:bloopInstall -DdownloadSources=true'[0m
2023.03.15 14:57:59 INFO  [INFO] Scanning for projects...[0m
Mar 15, 2023 2:57:59 PM org.eclipse.lsp4j.jsonrpc.services.GenericEndpoint notify
INFO: Unsupported notification method: $/setTrace
2023.03.15 14:57:59 INFO  [INFO] [0m
2023.03.15 14:57:59 INFO  [INFO] ---------------------< fr.polytech.polystore:cart >---------------------[0m
2023.03.15 14:57:59 INFO  [INFO] Building cart 0.0.1-SNAPSHOT[0m
2023.03.15 14:57:59 INFO  [INFO] --------------------------------[ jar ]---------------------------------[0m
2023.03.15 14:57:59 INFO  [INFO] [0m
2023.03.15 14:57:59 INFO  [INFO] --- bloop-maven-plugin:2.0.0:bloopInstall (default-cli) @ cart ---[0m
2023.03.15 14:58:00 INFO  [INFO] Using empty launcher: no run setup for cart.[0m
2023.03.15 14:58:00 INFO  [ERROR] org.scala-lang:scala([0-9]?)-library is missing from project dependencies[0m
2023.03.15 14:58:00 INFO  [ERROR] org.scala-lang:scala([0-9]?)-library is missing from project dependencies[0m
2023.03.15 14:58:00 INFO  [INFO] Resolving artifact: org.springframework.boot:spring-boot:jar:3.0.4:compile (sources = false)[0m
2023.03.15 14:58:00 INFO  [INFO] SUCCESS: org.springframework.boot:spring-boot:jar:3.0.4:compile (sources = false)[0m
2023.03.15 14:58:00 INFO  [INFO] Resolving artifact: org.springframework.boot:spring-boot:jar:3.0.4:compile (sources = true)[0m
2023.03.15 14:58:00 INFO  [INFO] SUCCESS: org.springframework.boot:spring-boot:jar:3.0.4:compile (sources = true)[0m
2023.03.15 14:58:00 INFO  [INFO] Resolving artifact: org.springframework.boot:spring-boot-starter-json:jar:3.0.4:compile (sources = false)[0m
2023.03.15 14:58:00 INFO  [INFO] SUCCESS: org.springframework.boot:spring-boot-starter-json:jar:3.0.4:compile (sources = false)[0m
2023.03.15 14:58:00 INFO  [INFO] Resolving artifact: org.springframework.boot:spring-boot-starter-json:jar:3.0.4:compile (sources = true)[0m
2023.03.15 14:58:00 INFO  [INFO] SUCCESS: org.springframework.boot:spring-boot-starter-json:jar:3.0.4:compile (sources = true)[0m
2023.03.15 14:58:00 INFO  [INFO] Resolving artifact: net.minidev:json-smart:jar:2.4.8:test (sources = false)[0m
2023.03.15 14:58:00 INFO  [INFO] SUCCESS: net.minidev:json-smart:jar:2.4.8:test (sources = false)[0m
2023.03.15 14:58:00 INFO  [INFO] Resolving artifact: net.minidev:json-smart:jar:2.4.8:test (sources = true)[0m
2023.03.15 14:58:00 INFO  [INFO] SUCCESS: net.minidev:json-smart:jar:2.4.8:test (sources = true)[0m
2023.03.15 14:58:00 INFO  [INFO] Resolving artifact: org.springframework:spring-beans:jar:6.0.6:compile (sources = false)[0m
2023.03.15 14:58:00 INFO  [INFO] SUCCESS: org.springframework:spring-beans:jar:6.0.6:compile (sources = false)[0m
2023.03.15 14:58:00 INFO  [INFO] Resolving artifact: org.springframework:spring-beans:jar:6.0.6:compile (sources = true)[0m
2023.03.15 14:58:00 INFO  [INFO] SUCCESS: org.springframework:spring-beans:jar:6.0.6:compile (sources = true)[0m
2023.03.15 14:58:00 INFO  [INFO] Resolving artifact: com.fasterxml.jackson.datatype:jackson-datatype-jsr310:jar:2.14.2:compile (sources = false)[0m
2023.03.15 14:58:00 INFO  [INFO] SUCCESS: com.fasterxml.jackson.datatype:jackson-datatype-jsr310:jar:2.14.2:compile (sources = false)[0m
2023.03.15 14:58:00 INFO  [INFO] Resolving artifact: com.fasterxml.jackson.datatype:jackson-datatype-jsr310:jar:2.14.2:compile (sources = true)[0m
2023.03.15 14:58:00 INFO  [INFO] SUCCESS: com.fasterxml.jackson.datatype:jackson-datatype-jsr310:jar:2.14.2:compile (sources = true)[0m
2023.03.15 14:58:00 INFO  [INFO] Resolving artifact: io.micrometer:micrometer-observation:jar:1.10.4:compile (sources = false)[0m
2023.03.15 14:58:00 INFO  [INFO] SUCCESS: io.micrometer:micrometer-observation:jar:1.10.4:compile (sources = false)[0m
2023.03.15 14:58:00 INFO  [INFO] Resolving artifact: io.micrometer:micrometer-observation:jar:1.10.4:compile (sources = true)[0m
2023.03.15 14:58:00 INFO  [INFO] SUCCESS: io.micrometer:micrometer-observation:jar:1.10.4:compile (sources = true)[0m
2023.03.15 14:58:00 INFO  [INFO] Resolving artifact: org.springframework.boot:spring-boot-test:jar:3.0.4:test (sources = false)[0m
2023.03.15 14:58:00 INFO  [INFO] SUCCESS: org.springframework.boot:spring-boot-test:jar:3.0.4:test (sources = false)[0m
2023.03.15 14:58:00 INFO  [INFO] Resolving artifact: org.springframework.boot:spring-boot-test:jar:3.0.4:test (sources = true)[0m
2023.03.15 14:58:00 INFO  [INFO] SUCCESS: org.springframework.boot:spring-boot-test:jar:3.0.4:test (sources = true)[0m
2023.03.15 14:58:00 INFO  [INFO] Resolving artifact: io.netty:netty-transport:jar:4.1.89.Final:compile (sources = false)[0m
2023.03.15 14:58:00 INFO  [INFO] SUCCESS: io.netty:netty-transport:jar:4.1.89.Final:compile (sources = false)[0m
2023.03.15 14:58:00 INFO  [INFO] Resolving artifact: io.netty:netty-transport:jar:4.1.89.Final:compile (sources = true)[0m
2023.03.15 14:58:00 INFO  [INFO] SUCCESS: io.netty:netty-transport:jar:4.1.89.Final:compile (sources = true)[0m
2023.03.15 14:58:00 INFO  [INFO] Resolving artifact: org.junit.jupiter:junit-jupiter-engine:jar:5.9.2:test (sources = false)[0m
2023.03.15 14:58:00 INFO  [INFO] SUCCESS: org.junit.jupiter:junit-jupiter-engine:jar:5.9.2:test (sources = false)[0m
2023.03.15 14:58:00 INFO  [INFO] Resolving artifact: org.junit.jupiter:junit-jupiter-engine:jar:5.9.2:test (sources = true)[0m
2023.03.15 14:58:00 INFO  [INFO] SUCCESS: org.junit.jupiter:junit-jupiter-engine:jar:5.9.2:test (sources = true)[0m
2023.03.15 14:58:00 INFO  [INFO] Resolving artifact: io.netty:netty-transport-native-unix-common:jar:4.1.89.Final:compile (sources = false)[0m
2023.03.15 14:58:00 INFO  [INFO] SUCCESS: io.netty:netty-transport-native-unix-common:jar:4.1.89.Final:compile (sources = false)[0m
2023.03.15 14:58:00 INFO  [INFO] Resolving artifact: io.netty:netty-transport-native-unix-common:jar:4.1.89.Final:compile (sources = true)[0m
2023.03.15 14:58:00 INFO  [INFO] SUCCESS: io.netty:netty-transport-native-unix-common:jar:4.1.89.Final:compile (sources = true)[0m
2023.03.15 14:58:00 INFO  [INFO] Resolving artifact: ch.qos.logback:logback-classic:jar:1.4.5:compile (sources = false)[0m
2023.03.15 14:58:00 INFO  [INFO] SUCCESS: ch.qos.logback:logback-classic:jar:1.4.5:compile (sources = false)[0m
2023.03.15 14:58:00 INFO  [INFO] Resolving artifact: ch.qos.logback:logback-classic:jar:1.4.5:compile (sources = true)[0m
2023.03.15 14:58:00 INFO  [INFO] SUCCESS: ch.qos.logback:logback-classic:jar:1.4.5:compile (sources = true)[0m
2023.03.15 14:58:00 INFO  [INFO] Resolving artifact: com.fasterxml.jackson.core:jackson-databind:jar:2.14.2:compile (sources = false)[0m
2023.03.15 14:58:00 INFO  [INFO] SUCCESS: com.fasterxml.jackson.core:jackson-databind:jar:2.14.2:compile (sources = false)[0m
2023.03.15 14:58:00 INFO  [INFO] Resolving artifact: com.fasterxml.jackson.core:jackson-databind:jar:2.14.2:compile (sources = true)[0m
2023.03.15 14:58:00 INFO  [INFO] SUCCESS: com.fasterxml.jackson.core:jackson-databind:jar:2.14.2:compile (sources = true)[0m
2023.03.15 14:58:00 INFO  [INFO] Resolving artifact: net.minidev:accessors-smart:jar:2.4.8:test (sources = false)[0m
2023.03.15 14:58:00 INFO  [INFO] SUCCESS: net.minidev:accessors-smart:jar:2.4.8:test (sources = false)[0m
2023.03.15 14:58:00 INFO  [INFO] Resolving artifact: net.minidev:accessors-smart:jar:2.4.8:test (sources = true)[0m
2023.03.15 14:58:00 INFO  [INFO] SUCCESS: net.minidev:accessors-smart:jar:2.4.8:test (sources = true)[0m
2023.03.15 14:58:00 INFO  [INFO] Resolving artifact: org.opentest4j:opentest4j:jar:1.2.0:test (sources = false)[0m
2023.03.15 14:58:00 INFO  [INFO] SUCCESS: org.opentest4j:opentest4j:jar:1.2.0:test (sources = false)[0m
2023.03.15 14:58:00 INFO  [INFO] Resolving artifact: org.opentest4j:opentest4j:jar:1.2.0:test (sources = true)[0m
2023.03.15 14:58:00 INFO  [INFO] SUCCESS: org.opentest4j:opentest4j:jar:1.2.0:test (sources = true)[0m
2023.03.15 14:58:00 INFO  [INFO] Resolving artifact: org.springframework.boot:spring-boot-starter-test:jar:3.0.4:test (sources = false)[0m
2023.03.15 14:58:00 INFO  [INFO] SUCCESS: org.springframework.boot:spring-boot-starter-test:jar:3.0.4:test (sources = false)[0m
2023.03.15 14:58:00 INFO  [INFO] Resolving artifact: org.springframework.boot:spring-boot-starter-test:jar:3.0.4:test (sources = true)[0m
2023.03.15 14:58:00 INFO  [INFO] SUCCESS: org.springframework.boot:spring-boot-starter-test:jar:3.0.4:test (sources = true)[0m
2023.03.15 14:58:00 INFO  [INFO] Resolving artifact: org.springframework.data:spring-data-redis:jar:3.0.3:compile (sources = false)[0m
2023.03.15 14:58:00 INFO  [INFO] SUCCESS: org.springframework.data:spring-data-redis:jar:3.0.3:compile (sources = false)[0m
2023.03.15 14:58:00 INFO  [INFO] Resolving artifact: org.springframework.data:spring-data-redis:jar:3.0.3:compile (sources = true)[0m
2023.03.15 14:58:00 INFO  [INFO] SUCCESS: org.springframework.data:spring-data-redis:jar:3.0.3:compile (sources = true)[0m
2023.03.15 14:58:00 INFO  [INFO] Resolving artifact: org.apache.logging.log4j:log4j-api:jar:2.19.0:compile (sources = false)[0m
2023.03.15 14:58:00 INFO  [INFO] SUCCESS: org.apache.logging.log4j:log4j-api:jar:2.19.0:compile (sources = false)[0m
2023.03.15 14:58:00 INFO  [INFO] Resolving artifact: org.apache.logging.log4j:log4j-api:jar:2.19.0:compile (sources = true)[0m
2023.03.15 14:58:00 INFO  [INFO] SUCCESS: org.apache.logging.log4j:log4j-api:jar:2.19.0:compile (sources = true)[0m
2023.03.15 14:58:00 INFO  [INFO] Resolving artifact: org.apache.tomcat.embed:tomcat-embed-websocket:jar:10.1.5:compile (sources = false)[0m
2023.03.15 14:58:00 INFO  [INFO] SUCCESS: org.apache.tomcat.embed:tomcat-embed-websocket:jar:10.1.5:compile (sources = false)[0m
2023.03.15 14:58:00 INFO  [INFO] Resolving artifact: org.apache.tomcat.embed:tomcat-embed-websocket:jar:10.1.5:compile (sources = true)[0m
2023.03.15 14:58:00 INFO  [INFO] SUCCESS: org.apache.tomcat.embed:tomcat-embed-websocket:jar:10.1.5:compile (sources = true)[0m
2023.03.15 14:58:00 INFO  [INFO] Resolving artifact: org.mockito:mockito-junit-jupiter:jar:4.8.1:test (sources = false)[0m
2023.03.15 14:58:00 INFO  [INFO] SUCCESS: org.mockito:mockito-junit-jupiter:jar:4.8.1:test (sources = false)[0m
2023.03.15 14:58:00 INFO  [INFO] Resolving artifact: org.mockito:mockito-junit-jupiter:jar:4.8.1:test (sources = true)[0m
2023.03.15 14:58:00 INFO  [INFO] SUCCESS: org.mockito:mockito-junit-jupiter:jar:4.8.1:test (sources = true)[0m
2023.03.15 14:58:00 INFO  [INFO] Resolving artifact: org.springframework.boot:spring-boot-autoconfigure:jar:3.0.4:compile (sources = false)[0m
2023.03.15 14:58:00 INFO  [INFO] SUCCESS: org.springframework.boot:spring-boot-autoconfigure:jar:3.0.4:compile (sources = false)[0m
2023.03.15 14:58:00 INFO  [INFO] Resolving artifact: org.springframework.boot:spring-boot-autoconfigure:jar:3.0.4:compile (sources = true)[0m
2023.03.15 14:58:00 INFO  [INFO] SUCCESS: org.springframework.boot:spring-boot-autoconfigure:jar:3.0.4:compile (sources = true)[0m
2023.03.15 14:58:00 INFO  [INFO] Resolving artifact: org.springframework:spring-jcl:jar:6.0.6:compile (sources = false)[0m
2023.03.15 14:58:00 INFO  [INFO] SUCCESS: org.springframework:spring-jcl:jar:6.0.6:compile (sources = false)[0m
2023.03.15 14:58:00 INFO  [INFO] Resolving artifact: org.springframework:spring-jcl:jar:6.0.6:compile (sources = true)[0m
2023.03.15 14:58:00 INFO  [INFO] SUCCESS: org.springframework:spring-jcl:jar:6.0.6:compile (sources = true)[0m
2023.03.15 14:58:00 INFO  [INFO] Resolving artifact: org.junit.platform:junit-platform-commons:jar:1.9.2:test (sources = false)[0m
2023.03.15 14:58:00 INFO  [INFO] SUCCESS: org.junit.platform:junit-platform-commons:jar:1.9.2:test (sources = false)[0m
2023.03.15 14:58:00 INFO  [INFO] Resolving artifact: org.junit.platform:junit-platform-commons:jar:1.9.2:test (sources = true)[0m
2023.03.15 14:58:00 INFO  [INFO] SUCCESS: org.junit.platform:junit-platform-commons:jar:1.9.2:test (sources = true)[0m
2023.03.15 14:58:00 INFO  [INFO] Resolving artifact: org.springframework.boot:spring-boot-starter-web:jar:3.0.4:compile (sources = false)[0m
2023.03.15 14:58:00 INFO  [INFO] SUCCESS: org.springframework.boot:spring-boot-starter-web:jar:3.0.4:compile (sources = false)[0m
2023.03.15 14:58:00 INFO  [INFO] Resolving artifact: org.springframework.boot:spring-boot-starter-web:jar:3.0.4:compile (sources = true)[0m
2023.03.15 14:58:00 INFO  [INFO] SUCCESS: org.springframework.boot:spring-boot-starter-web:jar:3.0.4:compile (sources = true)[0m
2023.03.15 14:58:00 INFO  [INFO] Resolving artifact: org.apache.tomcat.embed:tomcat-embed-el:jar:10.1.5:compile (sources = false)[0m
2023.03.15 14:58:00 INFO  [INFO] SUCCESS: org.apache.tomcat.embed:tomcat-embed-el:jar:10.1.5:compile (sources = false)[0m
2023.03.15 14:58:00 INFO  [INFO] Resolving artifact: org.apache.tomcat.embed:tomcat-embed-el:jar:10.1.5:compile (sources = true)[0m
2023.03.15 14:58:00 INFO  [INFO] SUCCESS: org.apache.tomcat.embed:tomcat-embed-el:jar:10.1.5:compile (sources = true)[0m
2023.03.15 14:58:00 INFO  [INFO] Resolving artifact: com.jayway.jsonpath:json-path:jar:2.7.0:test (sources = false)[0m
2023.03.15 14:58:00 INFO  [INFO] SUCCESS: com.jayway.jsonpath:json-path:jar:2.7.0:test (sources = false)[0m
2023.03.15 14:58:00 INFO  [INFO] Resolving artifact: com.jayway.jsonpath:json-path:jar:2.7.0:test (sources = true)[0m
2023.03.15 14:58:00 INFO  [INFO] SUCCESS: com.jayway.jsonpath:json-path:jar:2.7.0:test (sources = true)[0m
2023.03.15 14:58:00 INFO  [INFO] Resolving artifact: org.springframework:spring-expression:jar:6.0.6:compile (sources = false)[0m
2023.03.15 14:58:00 INFO  [INFO] SUCCESS: org.springframework:spring-expression:jar:6.0.6:compile (sources = false)[0m
2023.03.15 14:58:00 INFO  [INFO] Resolving artifact: org.springframework:spring-expression:jar:6.0.6:compile (sources = true)[0m
2023.03.15 14:58:00 INFO  [INFO] SUCCESS: org.springframework:spring-expression:jar:6.0.6:compile (sources = true)[0m
2023.03.15 14:58:00 INFO  [INFO] Resolving artifact: com.fasterxml.jackson.core:jackson-annotations:jar:2.14.2:compile (sources = false)[0m
2023.03.15 14:58:00 INFO  [INFO] SUCCESS: com.fasterxml.jackson.core:jackson-annotations:jar:2.14.2:compile (sources = false)[0m
2023.03.15 14:58:00 INFO  [INFO] Resolving artifact: com.fasterxml.jackson.core:jackson-annotations:jar:2.14.2:compile (sources = true)[0m
2023.03.15 14:58:00 INFO  [INFO] SUCCESS: com.fasterxml.jackson.core:jackson-annotations:jar:2.14.2:compile (sources = true)[0m
2023.03.15 14:58:00 INFO  [INFO] Resolving artifact: org.xmlunit:xmlunit-core:jar:2.9.1:test (sources = false)[0m
2023.03.15 14:58:00 INFO  [INFO] SUCCESS: org.xmlunit:xmlunit-core:jar:2.9.1:test (sources = false)[0m
2023.03.15 14:58:00 INFO  [INFO] Resolving artifact: org.xmlunit:xmlunit-core:jar:2.9.1:test (sources = true)[0m
2023.03.15 14:58:00 INFO  [INFO] SUCCESS: org.xmlunit:xmlunit-core:jar:2.9.1:test (sources = true)[0m
2023.03.15 14:58:00 INFO  [INFO] Resolving artifact: org.junit.jupiter:junit-jupiter-params:jar:5.9.2:test (sources = false)[0m
2023.03.15 14:58:00 INFO  [INFO] SUCCESS: org.junit.jupiter:junit-jupiter-params:jar:5.9.2:test (sources = false)[0m
2023.03.15 14:58:00 INFO  [INFO] Resolving artifact: org.junit.jupiter:junit-jupiter-params:jar:5.9.2:test (sources = true)[0m
2023.03.15 14:58:00 INFO  [INFO] SUCCESS: org.junit.jupiter:junit-jupiter-params:jar:5.9.2:test (sources = true)[0m
2023.03.15 14:58:00 INFO  [INFO] Resolving artifact: io.micrometer:micrometer-commons:jar:1.10.4:compile (sources = false)[0m
2023.03.15 14:58:00 INFO  [INFO] SUCCESS: io.micrometer:micrometer-commons:jar:1.10.4:compile (sources = false)[0m
2023.03.15 14:58:00 INFO  [INFO] Resolving artifact: io.micrometer:micrometer-commons:jar:1.10.4:compile (sources = true)[0m
2023.03.15 14:58:00 INFO  [INFO] SUCCESS: io.micrometer:micrometer-commons:jar:1.10.4:compile (sources = true)[0m
2023.03.15 14:58:00 INFO  [INFO] Resolving artifact: org.springframework:spring-aop:jar:6.0.6:compile (sources = false)[0m
2023.03.15 14:58:00 INFO  [INFO] SUCCESS: org.springframework:spring-aop:jar:6.0.6:compile (sources = false)[0m
2023.03.15 14:58:00 INFO  [INFO] Resolving artifact: org.springframework:spring-aop:jar:6.0.6:compile (sources = true)[0m
2023.03.15 14:58:00 INFO  [INFO] SUCCESS: org.springframework:spring-aop:jar:6.0.6:compile (sources = true)[0m
2023.03.15 14:58:00 INFO  [INFO] Resolving artifact: org.slf4j:jul-to-slf4j:jar:2.0.6:compile (sources = false)[0m
2023.03.15 14:58:00 INFO  [INFO] SUCCESS: org.slf4j:jul-to-slf4j:jar:2.0.6:compile (sources = false)[0m
2023.03.15 14:58:00 INFO  [INFO] Resolving artifact: org.slf4j:jul-to-slf4j:jar:2.0.6:compile (sources = true)[0m
2023.03.15 14:58:00 INFO  [INFO] SUCCESS: org.slf4j:jul-to-slf4j:jar:2.0.6:compile (sources = true)[0m
2023.03.15 14:58:00 INFO  [INFO] Resolving artifact: org.springframework.data:spring-data-keyvalue:jar:3.0.3:compile (sources = false)[0m
2023.03.15 14:58:00 INFO  [INFO] SUCCESS: org.springframework.data:spring-data-keyvalue:jar:3.0.3:compile (sources = false)[0m
2023.03.15 14:58:00 INFO  [INFO] Resolving artifact: org.springframework.data:spring-data-keyvalue:jar:3.0.3:compile (sources = true)[0m
2023.03.15 14:58:00 INFO  [INFO] SUCCESS: org.springframework.data:spring-data-keyvalue:jar:3.0.3:compile (sources = true)[0m
2023.03.15 14:58:00 INFO  [INFO] Resolving artifact: org.slf4j:slf4j-api:jar:2.0.6:compile (sources = false)[0m
2023.03.15 14:58:00 INFO  [INFO] SUCCESS: org.slf4j:slf4j-api:jar:2.0.6:compile (sources = false)[0m
2023.03.15 14:58:00 INFO  [INFO] Resolving artifact: org.slf4j:slf4j-api:jar:2.0.6:compile (sources = true)[0m
2023.03.15 14:58:00 INFO  [INFO] SUCCESS: org.slf4j:slf4j-api:jar:2.0.6:compile (sources = true)[0m
2023.03.15 14:58:00 INFO  [INFO] Resolving artifact: org.apache.tomcat.embed:tomcat-embed-core:jar:10.1.5:compile (sources = false)[0m
2023.03.15 14:58:00 INFO  [INFO] SUCCESS: org.apache.tomcat.embed:tomcat-embed-core:jar:10.1.5:compile (sources = false)[0m
2023.03.15 14:58:00 INFO  [INFO] Resolving artifact: org.apache.tomcat.embed:tomcat-embed-core:jar:10.1.5:compile (sources = true)[0m
2023.03.15 14:58:00 INFO  [INFO] SUCCESS: org.apache.tomcat.embed:tomcat-embed-core:jar:10.1.5:compile (sources = true)[0m
2023.03.15 14:58:00 INFO  [INFO] Resolving artifact: org.springframework:spring-context-support:jar:6.0.6:compile (sources = false)[0m
2023.03.15 14:58:00 INFO  [INFO] SUCCESS: org.springframework:spring-context-support:jar:6.0.6:compile (sources = false)[0m
2023.03.15 14:58:00 INFO  [INFO] Resolving artifact: org.springframework:spring-context-support:jar:6.0.6:compile (sources = true)[0m
2023.03.15 14:58:00 INFO  [INFO] SUCCESS: org.springframework:spring-context-support:jar:6.0.6:compile (sources = true)[0m
2023.03.15 14:58:00 INFO  [INFO] Resolving artifact: org.springframework.data:spring-data-commons:jar:3.0.3:compile (sources = false)[0m
2023.03.15 14:58:00 INFO  [INFO] SUCCESS: org.springframework.data:spring-data-commons:jar:3.0.3:compile (sources = false)[0m
2023.03.15 14:58:00 INFO  [INFO] Resolving artifact: org.springframework.data:spring-data-commons:jar:3.0.3:compile (sources = true)[0m
2023.03.15 14:58:00 INFO  [INFO] SUCCESS: org.springframework.data:spring-data-commons:jar:3.0.3:compile (sources = true)[0m
2023.03.15 14:58:00 INFO  [INFO] Resolving artifact: ch.qos.logback:logback-core:jar:1.4.5:compile (sources = false)[0m
2023.03.15 14:58:00 INFO  [INFO] SUCCESS: ch.qos.logback:logback-core:jar:1.4.5:compile (sources = false)[0m
2023.03.15 14:58:00 INFO  [INFO] Resolving artifact: ch.qos.logback:logback-core:jar:1.4.5:compile (sources = true)[0m
2023.03.15 14:58:00 INFO  [INFO] SUCCESS: ch.qos.logback:logback-core:jar:1.4.5:compile (sources = true)[0m
2023.03.15 14:58:00 INFO  [INFO] Resolving artifact: jakarta.annotation:jakarta.annotation-api:jar:2.1.1:compile (sources = false)[0m
2023.03.15 14:58:00 INFO  [INFO] SUCCESS: jakarta.annotation:jakarta.annotation-api:jar:2.1.1:compile (sources = false)[0m
2023.03.15 14:58:00 INFO  [INFO] Resolving artifact: jakarta.annotation:jakarta.annotation-api:jar:2.1.1:compile (sources = true)[0m
2023.03.15 14:58:00 INFO  [INFO] SUCCESS: jakarta.annotation:jakarta.annotation-api:jar:2.1.1:compile (sources = true)[0m
2023.03.15 14:58:00 INFO  [INFO] Resolving artifact: io.netty:netty-handler:jar:4.1.89.Final:compile (sources = false)[0m
2023.03.15 14:58:00 INFO  [INFO] SUCCESS: io.netty:netty-handler:jar:4.1.89.Final:compile (sources = false)[0m
2023.03.15 14:58:00 INFO  [INFO] Resolving artifact: io.netty:netty-handler:jar:4.1.89.Final:compile (sources = true)[0m
2023.03.15 14:58:00 INFO  [INFO] SUCCESS: io.netty:netty-handler:jar:4.1.89.Final:compile (sources = true)[0m
2023.03.15 14:58:00 INFO  [INFO] Resolving artifact: org.springframework:spring-oxm:jar:6.0.6:compile (sources = false)[0m
2023.03.15 14:58:00 INFO  [INFO] SUCCESS: org.springframework:spring-oxm:jar:6.0.6:compile (sources = false)[0m
2023.03.15 14:58:00 INFO  [INFO] Resolving artifact: org.springframework:spring-oxm:jar:6.0.6:compile (sources = true)[0m
2023.03.15 14:58:00 INFO  [INFO] SUCCESS: org.springframework:spring-oxm:jar:6.0.6:compile (sources = true)[0m
2023.03.15 14:58:00 INFO  [INFO] Resolving artifact: org.assertj:assertj-core:jar:3.23.1:test (sources = false)[0m
2023.03.15 14:58:00 INFO  [INFO] SUCCESS: org.assertj:assertj-core:jar:3.23.1:test (sources = false)[0m
2023.03.15 14:58:00 INFO  [INFO] Resolving artifact: org.assertj:assertj-core:jar:3.23.1:test (sources = true)[0m
2023.03.15 14:58:00 INFO  [INFO] SUCCESS: org.assertj:assertj-core:jar:3.23.1:test (sources = true)[0m
2023.03.15 14:58:00 INFO  [INFO] Resolving artifact: org.ow2.asm:asm:jar:9.1:test (sources = false)[0m
2023.03.15 14:58:00 INFO  [INFO] SUCCESS: org.ow2.asm:asm:jar:9.1:test (sources = false)[0m
2023.03.15 14:58:00 INFO  [INFO] Resolving artifact: org.ow2.asm:asm:jar:9.1:test (sources = true)[0m
2023.03.15 14:58:00 INFO  [INFO] SUCCESS: org.ow2.asm:asm:jar:9.1:test (sources = true)[0m
2023.03.15 14:58:00 INFO  [INFO] Resolving artifact: net.bytebuddy:byte-buddy:jar:1.12.23:test (sources = false)[0m
2023.03.15 14:58:00 INFO  [INFO] SUCCESS: net.bytebuddy:byte-buddy:jar:1.12.23:test (sources = false)[0m
2023.03.15 14:58:00 INFO  [INFO] Resolving artifact: net.bytebuddy:byte-buddy:jar:1.12.23:test (sources = true)[0m
2023.03.15 14:58:00 INFO  [INFO] SUCCESS: net.bytebuddy:byte-buddy:jar:1.12.23:test (sources = true)[0m
2023.03.15 14:58:00 INFO  [INFO] Resolving artifact: io.netty:netty-buffer:jar:4.1.89.Final:compile (sources = false)[0m
2023.03.15 14:58:00 INFO  [INFO] SUCCESS: io.netty:netty-buffer:jar:4.1.89.Final:compile (sources = false)[0m
2023.03.15 14:58:00 INFO  [INFO] Resolving artifact: io.netty:netty-buffer:jar:4.1.89.Final:compile (sources = true)[0m
2023.03.15 14:58:00 INFO  [INFO] SUCCESS: io.netty:netty-buffer:jar:4.1.89.Final:compile (sources = true)[0m
2023.03.15 14:58:00 INFO  [INFO] Resolving artifact: org.springframework.boot:spring-boot-starter-logging:jar:3.0.4:compile (sources = false)[0m
2023.03.15 14:58:00 INFO  [INFO] SUCCESS: org.springframework.boot:spring-boot-starter-logging:jar:3.0.4:compile (sources = false)[0m
2023.03.15 14:58:00 INFO  [INFO] Resolving artifact: org.springframework.boot:spring-boot-starter-logging:jar:3.0.4:compile (sources = true)[0m
2023.03.15 14:58:00 INFO  [INFO] SUCCESS: org.springframework.boot:spring-boot-starter-logging:jar:3.0.4:compile (sources = true)[0m
2023.03.15 14:58:00 INFO  [INFO] Resolving artifact: org.mockito:mockito-core:jar:4.8.1:test (sources = false)[0m
2023.03.15 14:58:00 INFO  [INFO] SUCCESS: org.mockito:mockito-core:jar:4.8.1:test (sources = false)[0m
2023.03.15 14:58:00 INFO  [INFO] Resolving artifact: org.mockito:mockito-core:jar:4.8.1:test (sources = true)[0m
2023.03.15 14:58:00 INFO  [INFO] SUCCESS: org.mockito:mockito-core:jar:4.8.1:test (sources = true)[0m
2023.03.15 14:58:00 INFO  [INFO] Resolving artifact: org.springframework:spring-webmvc:jar:6.0.6:compile (sources = false)[0m
2023.03.15 14:58:00 INFO  [INFO] SUCCESS: org.springframework:spring-webmvc:jar:6.0.6:compile (sources = false)[0m
2023.03.15 14:58:00 INFO  [INFO] Resolving artifact: org.springframework:spring-webmvc:jar:6.0.6:compile (sources = true)[0m
2023.03.15 14:58:00 INFO  [INFO] SUCCESS: org.springframework:spring-webmvc:jar:6.0.6:compile (sources = true)[0m
2023.03.15 14:58:00 INFO  [INFO] Resolving artifact: io.netty:netty-common:jar:4.1.89.Final:compile (sources = false)[0m
2023.03.15 14:58:00 INFO  [INFO] SUCCESS: io.netty:netty-common:jar:4.1.89.Final:compile (sources = false)[0m
2023.03.15 14:58:00 INFO  [INFO] Resolving artifact: io.netty:netty-common:jar:4.1.89.Final:compile (sources = true)[0m
2023.03.15 14:58:00 INFO  [INFO] SUCCESS: io.netty:netty-common:jar:4.1.89.Final:compile (sources = true)[0m
2023.03.15 14:58:00 INFO  [INFO] Resolving artifact: org.springframework:spring-context:jar:6.0.6:compile (sources = false)[0m
2023.03.15 14:58:00 INFO  [INFO] SUCCESS: org.springframework:spring-context:jar:6.0.6:compile (sources = false)[0m
2023.03.15 14:58:00 INFO  [INFO] Resolving artifact: org.springframework:spring-context:jar:6.0.6:compile (sources = true)[0m
2023.03.15 14:58:00 INFO  [INFO] SUCCESS: org.springframework:spring-context:jar:6.0.6:compile (sources = true)[0m
2023.03.15 14:58:00 INFO  [INFO] Resolving artifact: org.springframework:spring-test:jar:6.0.6:test (sources = false)[0m
2023.03.15 14:58:00 INFO  [INFO] SUCCESS: org.springframework:spring-test:jar:6.0.6:test (sources = false)[0m
2023.03.15 14:58:00 INFO  [INFO] Resolving artifact: org.springframework:spring-test:jar:6.0.6:test (sources = true)[0m
2023.03.15 14:58:00 INFO  [INFO] SUCCESS: org.springframework:spring-test:jar:6.0.6:test (sources = true)[0m
2023.03.15 14:58:00 INFO  [INFO] Resolving artifact: com.fasterxml.jackson.datatype:jackson-datatype-jdk8:jar:2.14.2:compile (sources = false)[0m
2023.03.15 14:58:00 INFO  [INFO] SUCCESS: com.fasterxml.jackson.datatype:jackson-datatype-jdk8:jar:2.14.2:compile (sources = false)[0m
2023.03.15 14:58:00 INFO  [INFO] Resolving artifact: com.fasterxml.jackson.datatype:jackson-datatype-jdk8:jar:2.14.2:compile (sources = true)[0m
2023.03.15 14:58:00 INFO  [INFO] SUCCESS: com.fasterxml.jackson.datatype:jackson-datatype-jdk8:jar:2.14.2:compile (sources = true)[0m
2023.03.15 14:58:00 INFO  [INFO] Resolving artifact: org.hamcrest:hamcrest:jar:2.2:test (sources = false)[0m
2023.03.15 14:58:00 INFO  [INFO] SUCCESS: org.hamcrest:hamcrest:jar:2.2:test (sources = false)[0m
2023.03.15 14:58:00 INFO  [INFO] Resolving artifact: org.hamcrest:hamcrest:jar:2.2:test (sources = true)[0m
2023.03.15 14:58:00 INFO  [INFO] SUCCESS: org.hamcrest:hamcrest:jar:2.2:test (sources = true)[0m
2023.03.15 14:58:00 INFO  [INFO] Resolving artifact: org.springframework.boot:spring-boot-test-autoconfigure:jar:3.0.4:test (sources = false)[0m
2023.03.15 14:58:00 INFO  [INFO] SUCCESS: org.springframework.boot:spring-boot-test-autoconfigure:jar:3.0.4:test (sources = false)[0m
2023.03.15 14:58:00 INFO  [INFO] Resolving artifact: org.springframework.boot:spring-boot-test-autoconfigure:jar:3.0.4:test (sources = true)[0m
2023.03.15 14:58:00 INFO  [INFO] SUCCESS: org.springframework.boot:spring-boot-test-autoconfigure:jar:3.0.4:test (sources = true)[0m
2023.03.15 14:58:00 INFO  [INFO] Resolving artifact: org.objenesis:objenesis:jar:3.2:test (sources = false)[0m
2023.03.15 14:58:00 INFO  [INFO] SUCCESS: org.objenesis:objenesis:jar:3.2:test (sources = false)[0m
2023.03.15 14:58:00 INFO  [INFO] Resolving artifact: org.objenesis:objenesis:jar:3.2:test (sources = true)[0m
2023.03.15 14:58:00 INFO  [INFO] SUCCESS: org.objenesis:objenesis:jar:3.2:test (sources = true)[0m
2023.03.15 14:58:00 INFO  [INFO] Resolving artifact: com.fasterxml.jackson.module:jackson-module-parameter-names:jar:2.14.2:compile (sources = false)[0m
2023.03.15 14:58:00 INFO  [INFO] SUCCESS: com.fasterxml.jackson.module:jackson-module-parameter-names:jar:2.14.2:compile (sources = false)[0m
2023.03.15 14:58:00 INFO  [INFO] Resolving artifact: com.fasterxml.jackson.module:jackson-module-parameter-names:jar:2.14.2:compile (sources = true)[0m
2023.03.15 14:58:00 INFO  [INFO] SUCCESS: com.fasterxml.jackson.module:jackson-module-parameter-names:jar:2.14.2:compile (sources = true)[0m
2023.03.15 14:58:00 INFO  [INFO] Resolving artifact: org.springframework:spring-web:jar:6.0.6:compile (sources = false)[0m
2023.03.15 14:58:00 INFO  [INFO] SUCCESS: org.springframework:spring-web:jar:6.0.6:compile (sources = false)[0m
2023.03.15 14:58:00 INFO  [INFO] Resolving artifact: org.springframework:spring-web:jar:6.0.6:compile (sources = true)[0m
2023.03.15 14:58:00 INFO  [INFO] SUCCESS: org.springframework:spring-web:jar:6.0.6:compile (sources = true)[0m
2023.03.15 14:58:00 INFO  [INFO] Resolving artifact: org.apache.logging.log4j:log4j-to-slf4j:jar:2.19.0:compile (sources = false)[0m
2023.03.15 14:58:00 INFO  [INFO] SUCCESS: org.apache.logging.log4j:log4j-to-slf4j:jar:2.19.0:compile (sources = false)[0m
2023.03.15 14:58:00 INFO  [INFO] Resolving artifact: org.apache.logging.log4j:log4j-to-slf4j:jar:2.19.0:compile (sources = true)[0m
2023.03.15 14:58:00 INFO  [INFO] SUCCESS: org.apache.logging.log4j:log4j-to-slf4j:jar:2.19.0:compile (sources = true)[0m
2023.03.15 14:58:00 INFO  [INFO] Resolving artifact: org.junit.platform:junit-platform-engine:jar:1.9.2:test (sources = false)[0m
2023.03.15 14:58:00 INFO  [INFO] SUCCESS: org.junit.platform:junit-platform-engine:jar:1.9.2:test (sources = false)[0m
2023.03.15 14:58:00 INFO  [INFO] Resolving artifact: org.junit.platform:junit-platform-engine:jar:1.9.2:test (sources = true)[0m
2023.03.15 14:58:00 INFO  [INFO] SUCCESS: org.junit.platform:junit-platform-engine:jar:1.9.2:test (sources = true)[0m
2023.03.15 14:58:00 INFO  [INFO] Resolving artifact: org.skyscreamer:jsonassert:jar:1.5.1:test (sources = false)[0m
2023.03.15 14:58:00 INFO  [INFO] SUCCESS: org.skyscreamer:jsonassert:jar:1.5.1:test (sources = false)[0m
2023.03.15 14:58:00 INFO  [INFO] Resolving artifact: org.skyscreamer:jsonassert:jar:1.5.1:test (sources = true)[0m
2023.03.15 14:58:00 INFO  [INFO] SUCCESS: org.skyscreamer:jsonassert:jar:1.5.1:test (sources = true)[0m
2023.03.15 14:58:00 INFO  [INFO] Resolving artifact: org.apiguardian:apiguardian-api:jar:1.1.2:test (sources = false)[0m
2023.03.15 14:58:00 INFO  [INFO] SUCCESS: org.apiguardian:apiguardian-api:jar:1.1.2:test (sources = false)[0m
2023.03.15 14:58:00 INFO  [INFO] Resolving artifact: org.apiguardian:apiguardian-api:jar:1.1.2:test (sources = true)[0m
2023.03.15 14:58:00 INFO  [INFO] SUCCESS: org.apiguardian:apiguardian-api:jar:1.1.2:test (sources = true)[0m
2023.03.15 14:58:00 INFO  [INFO] Resolving artifact: net.bytebuddy:byte-buddy-agent:jar:1.12.23:test (sources = false)[0m
2023.03.15 14:58:00 INFO  [INFO] SUCCESS: net.bytebuddy:byte-buddy-agent:jar:1.12.23:test (sources = false)[0m
2023.03.15 14:58:00 INFO  [INFO] Resolving artifact: net.bytebuddy:byte-buddy-agent:jar:1.12.23:test (sources = true)[0m
2023.03.15 14:58:00 INFO  [INFO] SUCCESS: net.bytebuddy:byte-buddy-agent:jar:1.12.23:test (sources = true)[0m
2023.03.15 14:58:00 INFO  [INFO] Resolving artifact: org.junit.jupiter:junit-jupiter:jar:5.9.2:test (sources = false)[0m
2023.03.15 14:58:00 INFO  [INFO] SUCCESS: org.junit.jupiter:junit-jupiter:jar:5.9.2:test (sources = false)[0m
2023.03.15 14:58:00 INFO  [INFO] Resolving artifact: org.junit.jupiter:junit-jupiter:jar:5.9.2:test (sources = true)[0m
2023.03.15 14:58:00 INFO  [INFO] SUCCESS: org.junit.jupiter:junit-jupiter:jar:5.9.2:test (sources = true)[0m
2023.03.15 14:58:00 INFO  [INFO] Resolving artifact: io.netty:netty-codec:jar:4.1.89.Final:compile (sources = false)[0m
2023.03.15 14:58:00 INFO  [INFO] SUCCESS: io.netty:netty-codec:jar:4.1.89.Final:compile (sources = false)[0m
2023.03.15 14:58:00 INFO  [INFO] Resolving artifact: io.netty:netty-codec:jar:4.1.89.Final:compile (sources = true)[0m
2023.03.15 14:58:00 INFO  [INFO] SUCCESS: io.netty:netty-codec:jar:4.1.89.Final:compile (sources = true)[0m
2023.03.15 14:58:00 INFO  [INFO] Resolving artifact: org.springframework.boot:spring-boot-starter-tomcat:jar:3.0.4:compile (sources = false)[0m
2023.03.15 14:58:00 INFO  [INFO] SUCCESS: org.springframework.boot:spring-boot-starter-tomcat:jar:3.0.4:compile (sources = false)[0m
2023.03.15 14:58:00 INFO  [INFO] Resolving artifact: org.springframework.boot:spring-boot-starter-tomcat:jar:3.0.4:compile (sources = true)[0m
2023.03.15 14:58:00 INFO  [INFO] SUCCESS: org.springframework.boot:spring-boot-starter-tomcat:jar:3.0.4:compile (sources = true)[0m
2023.03.15 14:58:00 INFO  [INFO] Resolving artifact: org.springframework:spring-tx:jar:6.0.6:compile (sources = false)[0m
2023.03.15 14:58:00 INFO  [INFO] SUCCESS: org.springframework:spring-tx:jar:6.0.6:compile (sources = false)[0m
2023.03.15 14:58:00 INFO  [INFO] Resolving artifact: org.springframework:spring-tx:jar:6.0.6:compile (sources = true)[0m
2023.03.15 14:58:00 INFO  [INFO] SUCCESS: org.springframework:spring-tx:jar:6.0.6:compile (sources = true)[0m
2023.03.15 14:58:00 INFO  [INFO] Resolving artifact: io.lettuce:lettuce-core:jar:6.2.3.RELEASE:compile (sources = false)[0m
2023.03.15 14:58:00 INFO  [INFO] SUCCESS: io.lettuce:lettuce-core:jar:6.2.3.RELEASE:compile (sources = false)[0m
2023.03.15 14:58:00 INFO  [INFO] Resolving artifact: io.lettuce:lettuce-core:jar:6.2.3.RELEASE:compile (sources = true)[0m
2023.03.15 14:58:00 INFO  [INFO] SUCCESS: io.lettuce:lettuce-core:jar:6.2.3.RELEASE:compile (sources = true)[0m
2023.03.15 14:58:00 INFO  [INFO] Resolving artifact: io.netty:netty-resolver:jar:4.1.89.Final:compile (sources = false)[0m
2023.03.15 14:58:00 INFO  [INFO] SUCCESS: io.netty:netty-resolver:jar:4.1.89.Final:compile (sources = false)[0m
2023.03.15 14:58:00 INFO  [INFO] Resolving artifact: io.netty:netty-resolver:jar:4.1.89.Final:compile (sources = true)[0m
2023.03.15 14:58:00 INFO  [INFO] SUCCESS: io.netty:netty-resolver:jar:4.1.89.Final:compile (sources = true)[0m
2023.03.15 14:58:00 INFO  [INFO] Resolving artifact: com.fasterxml.jackson.core:jackson-core:jar:2.14.2:compile (sources = false)[0m
2023.03.15 14:58:00 INFO  [INFO] SUCCESS: com.fasterxml.jackson.core:jackson-core:jar:2.14.2:compile (sources = false)[0m
2023.03.15 14:58:00 INFO  [INFO] Resolving artifact: com.fasterxml.jackson.core:jackson-core:jar:2.14.2:compile (sources = true)[0m
2023.03.15 14:58:00 INFO  [INFO] SUCCESS: com.fasterxml.jackson.core:jackson-core:jar:2.14.2:compile (sources = true)[0m
2023.03.15 14:58:00 INFO  [INFO] Resolving artifact: org.springframework.boot:spring-boot-starter:jar:3.0.4:compile (sources = false)[0m
2023.03.15 14:58:00 INFO  [INFO] SUCCESS: org.springframework.boot:spring-boot-starter:jar:3.0.4:compile (sources = false)[0m
2023.03.15 14:58:00 INFO  [INFO] Resolving artifact: org.springframework.boot:spring-boot-starter:jar:3.0.4:compile (sources = true)[0m
2023.03.15 14:58:00 INFO  [INFO] SUCCESS: org.springframework.boot:spring-boot-starter:jar:3.0.4:compile (sources = true)[0m
2023.03.15 14:58:00 INFO  [INFO] Resolving artifact: com.vaadin.external.google:android-json:jar:0.0.20131108.vaadin1:test (sources = false)[0m
2023.03.15 14:58:00 INFO  [INFO] SUCCESS: com.vaadin.external.google:android-json:jar:0.0.20131108.vaadin1:test (sources = false)[0m
2023.03.15 14:58:00 INFO  [INFO] Resolving artifact: com.vaadin.external.google:android-json:jar:0.0.20131108.vaadin1:test (sources = true)[0m
2023.03.15 14:58:00 INFO  [INFO] SUCCESS: com.vaadin.external.google:android-json:jar:0.0.20131108.vaadin1:test (sources = true)[0m
2023.03.15 14:58:00 INFO  [INFO] Resolving artifact: org.yaml:snakeyaml:jar:1.33:compile (sources = false)[0m
2023.03.15 14:58:00 INFO  [INFO] SUCCESS: org.yaml:snakeyaml:jar:1.33:compile (sources = false)[0m
2023.03.15 14:58:00 INFO  [INFO] Resolving artifact: org.yaml:snakeyaml:jar:1.33:compile (sources = true)[0m
2023.03.15 14:58:00 INFO  [INFO] SUCCESS: org.yaml:snakeyaml:jar:1.33:compile (sources = true)[0m
2023.03.15 14:58:00 INFO  [INFO] Resolving artifact: org.junit.jupiter:junit-jupiter-api:jar:5.9.2:test (sources = false)[0m
2023.03.15 14:58:00 INFO  [INFO] SUCCESS: org.junit.jupiter:junit-jupiter-api:jar:5.9.2:test (sources = false)[0m
2023.03.15 14:58:00 INFO  [INFO] Resolving artifact: org.junit.jupiter:junit-jupiter-api:jar:5.9.2:test (sources = true)[0m
2023.03.15 14:58:00 INFO  [INFO] SUCCESS: org.junit.jupiter:junit-jupiter-api:jar:5.9.2:test (sources = true)[0m
2023.03.15 14:58:00 INFO  [INFO] Resolving artifact: org.springframework.boot:spring-boot-starter-data-redis:jar:3.0.4:compile (sources = false)[0m
2023.03.15 14:58:00 INFO  [INFO] SUCCESS: org.springframework.boot:spring-boot-starter-data-redis:jar:3.0.4:compile (sources = false)[0m
2023.03.15 14:58:00 INFO  [INFO] Resolving artifact: org.springframework.boot:spring-boot-starter-data-redis:jar:3.0.4:compile (sources = true)[0m
2023.03.15 14:58:00 INFO  [INFO] SUCCESS: org.springframework.boot:spring-boot-starter-data-redis:jar:3.0.4:compile (sources = true)[0m
2023.03.15 14:58:00 INFO  [INFO] Resolving artifact: org.reactivestreams:reactive-streams:jar:1.0.4:compile (sources = false)[0m
2023.03.15 14:58:00 INFO  [INFO] SUCCESS: org.reactivestreams:reactive-streams:jar:1.0.4:compile (sources = false)[0m
2023.03.15 14:58:00 INFO  [INFO] Resolving artifact: org.reactivestreams:reactive-streams:jar:1.0.4:compile (sources = true)[0m
2023.03.15 14:58:00 INFO  [INFO] SUCCESS: org.reactivestreams:reactive-streams:jar:1.0.4:compile (sources = true)[0m
2023.03.15 14:58:00 INFO  [INFO] Resolving artifact: jakarta.activation:jakarta.activation-api:jar:2.1.1:test (sources = false)[0m
2023.03.15 14:58:00 INFO  [INFO] SUCCESS: jakarta.activation:jakarta.activation-api:jar:2.1.1:test (sources = false)[0m
2023.03.15 14:58:00 INFO  [INFO] Resolving artifact: jakarta.activation:jakarta.activation-api:jar:2.1.1:test (sources = true)[0m
2023.03.15 14:58:00 INFO  [INFO] SUCCESS: jakarta.activation:jakarta.activation-api:jar:2.1.1:test (sources = true)[0m
2023.03.15 14:58:00 INFO  [INFO] Resolving artifact: jakarta.xml.bind:jakarta.xml.bind-api:jar:4.0.0:test (sources = false)[0m
2023.03.15 14:58:00 INFO  [INFO] SUCCESS: jakarta.xml.bind:jakarta.xml.bind-api:jar:4.0.0:test (sources = false)[0m
2023.03.15 14:58:00 INFO  [INFO] Resolving artifact: jakarta.xml.bind:jakarta.xml.bind-api:jar:4.0.0:test (sources = true)[0m
2023.03.15 14:58:00 INFO  [INFO] SUCCESS: jakarta.xml.bind:jakarta.xml.bind-api:jar:4.0.0:test (sources = true)[0m
2023.03.15 14:58:00 INFO  [INFO] Resolving artifact: io.projectreactor:reactor-core:jar:3.5.3:compile (sources = false)[0m
2023.03.15 14:58:00 INFO  [INFO] SUCCESS: io.projectreactor:reactor-core:jar:3.5.3:compile (sources = false)[0m
2023.03.15 14:58:00 INFO  [INFO] Resolving artifact: io.projectreactor:reactor-core:jar:3.5.3:compile (sources = true)[0m
2023.03.15 14:58:00 INFO  [INFO] SUCCESS: io.projectreactor:reactor-core:jar:3.5.3:compile (sources = true)[0m
2023.03.15 14:58:00 INFO  [INFO] Resolving artifact: org.springframework:spring-core:jar:6.0.6:compile (sources = false)[0m
2023.03.15 14:58:00 INFO  [INFO] SUCCESS: org.springframework:spring-core:jar:6.0.6:compile (sources = false)[0m
2023.03.15 14:58:00 INFO  [INFO] Resolving artifact: org.springframework:spring-core:jar:6.0.6:compile (sources = true)[0m
2023.03.15 14:58:00 INFO  [INFO] SUCCESS: org.springframework:spring-core:jar:6.0.6:compile (sources = true)[0m
2023.03.15 14:58:00 INFO  [INFO] Generated .bloop/cart.json[0m
2023.03.15 14:58:00 INFO  [INFO] Resolving artifact: org.springframework.boot:spring-boot:jar:3.0.4:compile (sources = false)[0m
2023.03.15 14:58:00 INFO  [INFO] SUCCESS: org.springframework.boot:spring-boot:jar:3.0.4:compile (sources = false)[0m
2023.03.15 14:58:00 INFO  [INFO] Resolving artifact: org.springframework.boot:spring-boot:jar:3.0.4:compile (sources = true)[0m
2023.03.15 14:58:00 INFO  [INFO] SUCCESS: org.springframework.boot:spring-boot:jar:3.0.4:compile (sources = true)[0m
2023.03.15 14:58:00 INFO  [INFO] Resolving artifact: org.springframework.boot:spring-boot-starter-json:jar:3.0.4:compile (sources = false)[0m
2023.03.15 14:58:00 INFO  [INFO] SUCCESS: org.springframework.boot:spring-boot-starter-json:jar:3.0.4:compile (sources = false)[0m
2023.03.15 14:58:00 INFO  [INFO] Resolving artifact: org.springframework.boot:spring-boot-starter-json:jar:3.0.4:compile (sources = true)[0m
2023.03.15 14:58:00 INFO  [INFO] SUCCESS: org.springframework.boot:spring-boot-starter-json:jar:3.0.4:compile (sources = true)[0m
2023.03.15 14:58:00 INFO  [INFO] Resolving artifact: net.minidev:json-smart:jar:2.4.8:test (sources = false)[0m
2023.03.15 14:58:00 INFO  [INFO] SUCCESS: net.minidev:json-smart:jar:2.4.8:test (sources = false)[0m
2023.03.15 14:58:00 INFO  [INFO] Resolving artifact: net.minidev:json-smart:jar:2.4.8:test (sources = true)[0m
2023.03.15 14:58:00 INFO  [INFO] SUCCESS: net.minidev:json-smart:jar:2.4.8:test (sources = true)[0m
2023.03.15 14:58:00 INFO  [INFO] Resolving artifact: org.springframework:spring-beans:jar:6.0.6:compile (sources = false)[0m
2023.03.15 14:58:00 INFO  [INFO] SUCCESS: org.springframework:spring-beans:jar:6.0.6:compile (sources = false)[0m
2023.03.15 14:58:00 INFO  [INFO] Resolving artifact: org.springframework:spring-beans:jar:6.0.6:compile (sources = true)[0m
2023.03.15 14:58:00 INFO  [INFO] SUCCESS: org.springframework:spring-beans:jar:6.0.6:compile (sources = true)[0m
2023.03.15 14:58:00 INFO  [INFO] Resolving artifact: com.fasterxml.jackson.datatype:jackson-datatype-jsr310:jar:2.14.2:compile (sources = false)[0m
2023.03.15 14:58:00 INFO  [INFO] SUCCESS: com.fasterxml.jackson.datatype:jackson-datatype-jsr310:jar:2.14.2:compile (sources = false)[0m
2023.03.15 14:58:00 INFO  [INFO] Resolving artifact: com.fasterxml.jackson.datatype:jackson-datatype-jsr310:jar:2.14.2:compile (sources = true)[0m
2023.03.15 14:58:00 INFO  [INFO] SUCCESS: com.fasterxml.jackson.datatype:jackson-datatype-jsr310:jar:2.14.2:compile (sources = true)[0m
2023.03.15 14:58:00 INFO  [INFO] Resolving artifact: io.micrometer:micrometer-observation:jar:1.10.4:compile (sources = false)[0m
2023.03.15 14:58:00 INFO  [INFO] SUCCESS: io.micrometer:micrometer-observation:jar:1.10.4:compile (sources = false)[0m
2023.03.15 14:58:00 INFO  [INFO] Resolving artifact: io.micrometer:micrometer-observation:jar:1.10.4:compile (sources = true)[0m
2023.03.15 14:58:00 INFO  [INFO] SUCCESS: io.micrometer:micrometer-observation:jar:1.10.4:compile (sources = true)[0m
2023.03.15 14:58:00 INFO  [INFO] Resolving artifact: org.springframework.boot:spring-boot-test:jar:3.0.4:test (sources = false)[0m
2023.03.15 14:58:00 INFO  [INFO] SUCCESS: org.springframework.boot:spring-boot-test:jar:3.0.4:test (sources = false)[0m
2023.03.15 14:58:00 INFO  [INFO] Resolving artifact: org.springframework.boot:spring-boot-test:jar:3.0.4:test (sources = true)[0m
2023.03.15 14:58:00 INFO  [INFO] SUCCESS: org.springframework.boot:spring-boot-test:jar:3.0.4:test (sources = true)[0m
2023.03.15 14:58:00 INFO  [INFO] Resolving artifact: io.netty:netty-transport:jar:4.1.89.Final:compile (sources = false)[0m
2023.03.15 14:58:00 INFO  [INFO] SUCCESS: io.netty:netty-transport:jar:4.1.89.Final:compile (sources = false)[0m
2023.03.15 14:58:00 INFO  [INFO] Resolving artifact: io.netty:netty-transport:jar:4.1.89.Final:compile (sources = true)[0m
2023.03.15 14:58:00 INFO  [INFO] SUCCESS: io.netty:netty-transport:jar:4.1.89.Final:compile (sources = true)[0m
2023.03.15 14:58:00 INFO  [INFO] Resolving artifact: org.junit.jupiter:junit-jupiter-engine:jar:5.9.2:test (sources = false)[0m
2023.03.15 14:58:00 INFO  [INFO] SUCCESS: org.junit.jupiter:junit-jupiter-engine:jar:5.9.2:test (sources = false)[0m
2023.03.15 14:58:00 INFO  [INFO] Resolving artifact: org.junit.jupiter:junit-jupiter-engine:jar:5.9.2:test (sources = true)[0m
2023.03.15 14:58:00 INFO  [INFO] SUCCESS: org.junit.jupiter:junit-jupiter-engine:jar:5.9.2:test (sources = true)[0m
2023.03.15 14:58:00 INFO  [INFO] Resolving artifact: io.netty:netty-transport-native-unix-common:jar:4.1.89.Final:compile (sources = false)[0m
2023.03.15 14:58:00 INFO  [INFO] SUCCESS: io.netty:netty-transport-native-unix-common:jar:4.1.89.Final:compile (sources = false)[0m
2023.03.15 14:58:00 INFO  [INFO] Resolving artifact: io.netty:netty-transport-native-unix-common:jar:4.1.89.Final:compile (sources = true)[0m
2023.03.15 14:58:00 INFO  [INFO] SUCCESS: io.netty:netty-transport-native-unix-common:jar:4.1.89.Final:compile (sources = true)[0m
2023.03.15 14:58:00 INFO  [INFO] Resolving artifact: ch.qos.logback:logback-classic:jar:1.4.5:compile (sources = false)[0m
2023.03.15 14:58:00 INFO  [INFO] SUCCESS: ch.qos.logback:logback-classic:jar:1.4.5:compile (sources = false)[0m
2023.03.15 14:58:00 INFO  [INFO] Resolving artifact: ch.qos.logback:logback-classic:jar:1.4.5:compile (sources = true)[0m
2023.03.15 14:58:00 INFO  [INFO] SUCCESS: ch.qos.logback:logback-classic:jar:1.4.5:compile (sources = true)[0m
2023.03.15 14:58:00 INFO  [INFO] Resolving artifact: com.fasterxml.jackson.core:jackson-databind:jar:2.14.2:compile (sources = false)[0m
2023.03.15 14:58:00 INFO  [INFO] SUCCESS: com.fasterxml.jackson.core:jackson-databind:jar:2.14.2:compile (sources = false)[0m
2023.03.15 14:58:00 INFO  [INFO] Resolving artifact: com.fasterxml.jackson.core:jackson-databind:jar:2.14.2:compile (sources = true)[0m
2023.03.15 14:58:00 INFO  [INFO] SUCCESS: com.fasterxml.jackson.core:jackson-databind:jar:2.14.2:compile (sources = true)[0m
2023.03.15 14:58:00 INFO  [INFO] Resolving artifact: net.minidev:accessors-smart:jar:2.4.8:test (sources = false)[0m
2023.03.15 14:58:00 INFO  [INFO] SUCCESS: net.minidev:accessors-smart:jar:2.4.8:test (sources = false)[0m
2023.03.15 14:58:00 INFO  [INFO] Resolving artifact: net.minidev:accessors-smart:jar:2.4.8:test (sources = true)[0m
2023.03.15 14:58:00 INFO  [INFO] SUCCESS: net.minidev:accessors-smart:jar:2.4.8:test (sources = true)[0m
2023.03.15 14:58:00 INFO  [INFO] Resolving artifact: org.opentest4j:opentest4j:jar:1.2.0:test (sources = false)[0m
2023.03.15 14:58:00 INFO  [INFO] SUCCESS: org.opentest4j:opentest4j:jar:1.2.0:test (sources = false)[0m
2023.03.15 14:58:00 INFO  [INFO] Resolving artifact: org.opentest4j:opentest4j:jar:1.2.0:test (sources = true)[0m
2023.03.15 14:58:00 INFO  [INFO] SUCCESS: org.opentest4j:opentest4j:jar:1.2.0:test (sources = true)[0m
2023.03.15 14:58:00 INFO  [INFO] Resolving artifact: org.springframework.boot:spring-boot-starter-test:jar:3.0.4:test (sources = false)[0m
2023.03.15 14:58:00 INFO  [INFO] SUCCESS: org.springframework.boot:spring-boot-starter-test:jar:3.0.4:test (sources = false)[0m
2023.03.15 14:58:00 INFO  [INFO] Resolving artifact: org.springframework.boot:spring-boot-starter-test:jar:3.0.4:test (sources = true)[0m
2023.03.15 14:58:00 INFO  [INFO] SUCCESS: org.springframework.boot:spring-boot-starter-test:jar:3.0.4:test (sources = true)[0m
2023.03.15 14:58:00 INFO  [INFO] Resolving artifact: org.springframework.data:spring-data-redis:jar:3.0.3:compile (sources = false)[0m
2023.03.15 14:58:00 INFO  [INFO] SUCCESS: org.springframework.data:spring-data-redis:jar:3.0.3:compile (sources = false)[0m
2023.03.15 14:58:00 INFO  [INFO] Resolving artifact: org.springframework.data:spring-data-redis:jar:3.0.3:compile (sources = true)[0m
2023.03.15 14:58:00 INFO  [INFO] SUCCESS: org.springframework.data:spring-data-redis:jar:3.0.3:compile (sources = true)[0m
2023.03.15 14:58:00 INFO  [INFO] Resolving artifact: org.apache.logging.log4j:log4j-api:jar:2.19.0:compile (sources = false)[0m
2023.03.15 14:58:00 INFO  [INFO] SUCCESS: org.apache.logging.log4j:log4j-api:jar:2.19.0:compile (sources = false)[0m
2023.03.15 14:58:00 INFO  [INFO] Resolving artifact: org.apache.logging.log4j:log4j-api:jar:2.19.0:compile (sources = true)[0m
2023.03.15 14:58:00 INFO  [INFO] SUCCESS: org.apache.logging.log4j:log4j-api:jar:2.19.0:compile (sources = true)[0m
2023.03.15 14:58:00 INFO  [INFO] Resolving artifact: org.apache.tomcat.embed:tomcat-embed-websocket:jar:10.1.5:compile (sources = false)[0m
2023.03.15 14:58:00 INFO  [INFO] SUCCESS: org.apache.tomcat.embed:tomcat-embed-websocket:jar:10.1.5:compile (sources = false)[0m
2023.03.15 14:58:00 INFO  [INFO] Resolving artifact: org.apache.tomcat.embed:tomcat-embed-websocket:jar:10.1.5:compile (sources = true)[0m
2023.03.15 14:58:00 INFO  [INFO] SUCCESS: org.apache.tomcat.embed:tomcat-embed-websocket:jar:10.1.5:compile (sources = true)[0m
2023.03.15 14:58:00 INFO  [INFO] Resolving artifact: org.mockito:mockito-junit-jupiter:jar:4.8.1:test (sources = false)[0m
2023.03.15 14:58:00 INFO  [INFO] SUCCESS: org.mockito:mockito-junit-jupiter:jar:4.8.1:test (sources = false)[0m
2023.03.15 14:58:00 INFO  [INFO] Resolving artifact: org.mockito:mockito-junit-jupiter:jar:4.8.1:test (sources = true)[0m
2023.03.15 14:58:00 INFO  [INFO] SUCCESS: org.mockito:mockito-junit-jupiter:jar:4.8.1:test (sources = true)[0m
2023.03.15 14:58:00 INFO  [INFO] Resolving artifact: org.springframework.boot:spring-boot-autoconfigure:jar:3.0.4:compile (sources = false)[0m
2023.03.15 14:58:00 INFO  [INFO] SUCCESS: org.springframework.boot:spring-boot-autoconfigure:jar:3.0.4:compile (sources = false)[0m
2023.03.15 14:58:00 INFO  [INFO] Resolving artifact: org.springframework.boot:spring-boot-autoconfigure:jar:3.0.4:compile (sources = true)[0m
2023.03.15 14:58:00 INFO  [INFO] SUCCESS: org.springframework.boot:spring-boot-autoconfigure:jar:3.0.4:compile (sources = true)[0m
2023.03.15 14:58:00 INFO  [INFO] Resolving artifact: org.springframework:spring-jcl:jar:6.0.6:compile (sources = false)[0m
2023.03.15 14:58:00 INFO  [INFO] SUCCESS: org.springframework:spring-jcl:jar:6.0.6:compile (sources = false)[0m
2023.03.15 14:58:00 INFO  [INFO] Resolving artifact: org.springframework:spring-jcl:jar:6.0.6:compile (sources = true)[0m
2023.03.15 14:58:00 INFO  [INFO] SUCCESS: org.springframework:spring-jcl:jar:6.0.6:compile (sources = true)[0m
2023.03.15 14:58:00 INFO  [INFO] Resolving artifact: org.junit.platform:junit-platform-commons:jar:1.9.2:test (sources = false)[0m
2023.03.15 14:58:00 INFO  [INFO] SUCCESS: org.junit.platform:junit-platform-commons:jar:1.9.2:test (sources = false)[0m
2023.03.15 14:58:00 INFO  [INFO] Resolving artifact: org.junit.platform:junit-platform-commons:jar:1.9.2:test (sources = true)[0m
2023.03.15 14:58:00 INFO  [INFO] SUCCESS: org.junit.platform:junit-platform-commons:jar:1.9.2:test (sources = true)[0m
2023.03.15 14:58:00 INFO  [INFO] Resolving artifact: org.springframework.boot:spring-boot-starter-web:jar:3.0.4:compile (sources = false)[0m
2023.03.15 14:58:00 INFO  [INFO] SUCCESS: org.springframework.boot:spring-boot-starter-web:jar:3.0.4:compile (sources = false)[0m
2023.03.15 14:58:00 INFO  [INFO] Resolving artifact: org.springframework.boot:spring-boot-starter-web:jar:3.0.4:compile (sources = true)[0m
2023.03.15 14:58:00 INFO  [INFO] SUCCESS: org.springframework.boot:spring-boot-starter-web:jar:3.0.4:compile (sources = true)[0m
2023.03.15 14:58:00 INFO  [INFO] Resolving artifact: org.apache.tomcat.embed:tomcat-embed-el:jar:10.1.5:compile (sources = false)[0m
2023.03.15 14:58:00 INFO  [INFO] SUCCESS: org.apache.tomcat.embed:tomcat-embed-el:jar:10.1.5:compile (sources = false)[0m
2023.03.15 14:58:00 INFO  [INFO] Resolving artifact: org.apache.tomcat.embed:tomcat-embed-el:jar:10.1.5:compile (sources = true)[0m
2023.03.15 14:58:00 INFO  [INFO] SUCCESS: org.apache.tomcat.embed:tomcat-embed-el:jar:10.1.5:compile (sources = true)[0m
2023.03.15 14:58:00 INFO  [INFO] Resolving artifact: com.jayway.jsonpath:json-path:jar:2.7.0:test (sources = false)[0m
2023.03.15 14:58:00 INFO  [INFO] SUCCESS: com.jayway.jsonpath:json-path:jar:2.7.0:test (sources = false)[0m
2023.03.15 14:58:00 INFO  [INFO] Resolving artifact: com.jayway.jsonpath:json-path:jar:2.7.0:test (sources = true)[0m
2023.03.15 14:58:00 INFO  [INFO] SUCCESS: com.jayway.jsonpath:json-path:jar:2.7.0:test (sources = true)[0m
2023.03.15 14:58:00 INFO  [INFO] Resolving artifact: org.springframework:spring-expression:jar:6.0.6:compile (sources = false)[0m
2023.03.15 14:58:00 INFO  [INFO] SUCCESS: org.springframework:spring-expression:jar:6.0.6:compile (sources = false)[0m
2023.03.15 14:58:00 INFO  [INFO] Resolving artifact: org.springframework:spring-expression:jar:6.0.6:compile (sources = true)[0m
2023.03.15 14:58:00 INFO  [INFO] SUCCESS: org.springframework:spring-expression:jar:6.0.6:compile (sources = true)[0m
2023.03.15 14:58:00 INFO  [INFO] Resolving artifact: com.fasterxml.jackson.core:jackson-annotations:jar:2.14.2:compile (sources = false)[0m
2023.03.15 14:58:00 INFO  [INFO] SUCCESS: com.fasterxml.jackson.core:jackson-annotations:jar:2.14.2:compile (sources = false)[0m
2023.03.15 14:58:00 INFO  [INFO] Resolving artifact: com.fasterxml.jackson.core:jackson-annotations:jar:2.14.2:compile (sources = true)[0m
2023.03.15 14:58:00 INFO  [INFO] SUCCESS: com.fasterxml.jackson.core:jackson-annotations:jar:2.14.2:compile (sources = true)[0m
2023.03.15 14:58:00 INFO  [INFO] Resolving artifact: org.xmlunit:xmlunit-core:jar:2.9.1:test (sources = false)[0m
2023.03.15 14:58:00 INFO  [INFO] SUCCESS: org.xmlunit:xmlunit-core:jar:2.9.1:test (sources = false)[0m
2023.03.15 14:58:00 INFO  [INFO] Resolving artifact: org.xmlunit:xmlunit-core:jar:2.9.1:test (sources = true)[0m
2023.03.15 14:58:00 INFO  [INFO] SUCCESS: org.xmlunit:xmlunit-core:jar:2.9.1:test (sources = true)[0m
2023.03.15 14:58:00 INFO  [INFO] Resolving artifact: org.junit.jupiter:junit-jupiter-params:jar:5.9.2:test (sources = false)[0m
2023.03.15 14:58:00 INFO  [INFO] SUCCESS: org.junit.jupiter:junit-jupiter-params:jar:5.9.2:test (sources = false)[0m
2023.03.15 14:58:00 INFO  [INFO] Resolving artifact: org.junit.jupiter:junit-jupiter-params:jar:5.9.2:test (sources = true)[0m
2023.03.15 14:58:00 INFO  [INFO] SUCCESS: org.junit.jupiter:junit-jupiter-params:jar:5.9.2:test (sources = true)[0m
2023.03.15 14:58:00 INFO  [INFO] Resolving artifact: io.micrometer:micrometer-commons:jar:1.10.4:compile (sources = false)[0m
2023.03.15 14:58:00 INFO  [INFO] SUCCESS: io.micrometer:micrometer-commons:jar:1.10.4:compile (sources = false)[0m
2023.03.15 14:58:00 INFO  [INFO] Resolving artifact: io.micrometer:micrometer-commons:jar:1.10.4:compile (sources = true)[0m
2023.03.15 14:58:00 INFO  [INFO] SUCCESS: io.micrometer:micrometer-commons:jar:1.10.4:compile (sources = true)[0m
2023.03.15 14:58:00 INFO  [INFO] Resolving artifact: org.springframework:spring-aop:jar:6.0.6:compile (sources = false)[0m
2023.03.15 14:58:00 INFO  [INFO] SUCCESS: org.springframework:spring-aop:jar:6.0.6:compile (sources = false)[0m
2023.03.15 14:58:00 INFO  [INFO] Resolving artifact: org.springframework:spring-aop:jar:6.0.6:compile (sources = true)[0m
2023.03.15 14:58:00 INFO  [INFO] SUCCESS: org.springframework:spring-aop:jar:6.0.6:compile (sources = true)[0m
2023.03.15 14:58:00 INFO  [INFO] Resolving artifact: org.slf4j:jul-to-slf4j:jar:2.0.6:compile (sources = false)[0m
2023.03.15 14:58:00 INFO  [INFO] SUCCESS: org.slf4j:jul-to-slf4j:jar:2.0.6:compile (sources = false)[0m
2023.03.15 14:58:00 INFO  [INFO] Resolving artifact: org.slf4j:jul-to-slf4j:jar:2.0.6:compile (sources = true)[0m
2023.03.15 14:58:00 INFO  [INFO] SUCCESS: org.slf4j:jul-to-slf4j:jar:2.0.6:compile (sources = true)[0m
2023.03.15 14:58:00 INFO  [INFO] Resolving artifact: org.springframework.data:spring-data-keyvalue:jar:3.0.3:compile (sources = false)[0m
2023.03.15 14:58:00 INFO  [INFO] SUCCESS: org.springframework.data:spring-data-keyvalue:jar:3.0.3:compile (sources = false)[0m
2023.03.15 14:58:00 INFO  [INFO] Resolving artifact: org.springframework.data:spring-data-keyvalue:jar:3.0.3:compile (sources = true)[0m
2023.03.15 14:58:00 INFO  [INFO] SUCCESS: org.springframework.data:spring-data-keyvalue:jar:3.0.3:compile (sources = true)[0m
2023.03.15 14:58:00 INFO  [INFO] Resolving artifact: org.slf4j:slf4j-api:jar:2.0.6:compile (sources = false)[0m
2023.03.15 14:58:00 INFO  [INFO] SUCCESS: org.slf4j:slf4j-api:jar:2.0.6:compile (sources = false)[0m
2023.03.15 14:58:00 INFO  [INFO] Resolving artifact: org.slf4j:slf4j-api:jar:2.0.6:compile (sources = true)[0m
2023.03.15 14:58:00 INFO  [INFO] SUCCESS: org.slf4j:slf4j-api:jar:2.0.6:compile (sources = true)[0m
2023.03.15 14:58:00 INFO  [INFO] Resolving artifact: org.apache.tomcat.embed:tomcat-embed-core:jar:10.1.5:compile (sources = false)[0m
2023.03.15 14:58:00 INFO  [INFO] SUCCESS: org.apache.tomcat.embed:tomcat-embed-core:jar:10.1.5:compile (sources = false)[0m
2023.03.15 14:58:00 INFO  [INFO] Resolving artifact: org.apache.tomcat.embed:tomcat-embed-core:jar:10.1.5:compile (sources = true)[0m
2023.03.15 14:58:00 INFO  [INFO] SUCCESS: org.apache.tomcat.embed:tomcat-embed-core:jar:10.1.5:compile (sources = true)[0m
2023.03.15 14:58:00 INFO  [INFO] Resolving artifact: org.springframework:spring-context-support:jar:6.0.6:compile (sources = false)[0m
2023.03.15 14:58:00 INFO  [INFO] SUCCESS: org.springframework:spring-context-support:jar:6.0.6:compile (sources = false)[0m
2023.03.15 14:58:00 INFO  [INFO] Resolving artifact: org.springframework:spring-context-support:jar:6.0.6:compile (sources = true)[0m
2023.03.15 14:58:00 INFO  [INFO] SUCCESS: org.springframework:spring-context-support:jar:6.0.6:compile (sources = true)[0m
2023.03.15 14:58:00 INFO  [INFO] Resolving artifact: org.springframework.data:spring-data-commons:jar:3.0.3:compile (sources = false)[0m
2023.03.15 14:58:00 INFO  [INFO] SUCCESS: org.springframework.data:spring-data-commons:jar:3.0.3:compile (sources = false)[0m
2023.03.15 14:58:00 INFO  [INFO] Resolving artifact: org.springframework.data:spring-data-commons:jar:3.0.3:compile (sources = true)[0m
2023.03.15 14:58:00 INFO  [INFO] SUCCESS: org.springframework.data:spring-data-commons:jar:3.0.3:compile (sources = true)[0m
2023.03.15 14:58:00 INFO  [INFO] Resolving artifact: ch.qos.logback:logback-core:jar:1.4.5:compile (sources = false)[0m
2023.03.15 14:58:00 INFO  [INFO] SUCCESS: ch.qos.logback:logback-core:jar:1.4.5:compile (sources = false)[0m
2023.03.15 14:58:00 INFO  [INFO] Resolving artifact: ch.qos.logback:logback-core:jar:1.4.5:compile (sources = true)[0m
2023.03.15 14:58:00 INFO  [INFO] SUCCESS: ch.qos.logback:logback-core:jar:1.4.5:compile (sources = true)[0m
2023.03.15 14:58:00 INFO  [INFO] Resolving artifact: jakarta.annotation:jakarta.annotation-api:jar:2.1.1:compile (sources = false)[0m
2023.03.15 14:58:00 INFO  [INFO] SUCCESS: jakarta.annotation:jakarta.annotation-api:jar:2.1.1:compile (sources = false)[0m
2023.03.15 14:58:00 INFO  [INFO] Resolving artifact: jakarta.annotation:jakarta.annotation-api:jar:2.1.1:compile (sources = true)[0m
2023.03.15 14:58:00 INFO  [INFO] SUCCESS: jakarta.annotation:jakarta.annotation-api:jar:2.1.1:compile (sources = true)[0m
2023.03.15 14:58:00 INFO  [INFO] Resolving artifact: io.netty:netty-handler:jar:4.1.89.Final:compile (sources = false)[0m
2023.03.15 14:58:00 INFO  [INFO] SUCCESS: io.netty:netty-handler:jar:4.1.89.Final:compile (sources = false)[0m
2023.03.15 14:58:00 INFO  [INFO] Resolving artifact: io.netty:netty-handler:jar:4.1.89.Final:compile (sources = true)[0m
2023.03.15 14:58:00 INFO  [INFO] SUCCESS: io.netty:netty-handler:jar:4.1.89.Final:compile (sources = true)[0m
2023.03.15 14:58:00 INFO  [INFO] Resolving artifact: org.springframework:spring-oxm:jar:6.0.6:compile (sources = false)[0m
2023.03.15 14:58:00 INFO  [INFO] SUCCESS: org.springframework:spring-oxm:jar:6.0.6:compile (sources = false)[0m
2023.03.15 14:58:00 INFO  [INFO] Resolving artifact: org.springframework:spring-oxm:jar:6.0.6:compile (sources = true)[0m
2023.03.15 14:58:00 INFO  [INFO] SUCCESS: org.springframework:spring-oxm:jar:6.0.6:compile (sources = true)[0m
2023.03.15 14:58:00 INFO  [INFO] Resolving artifact: org.assertj:assertj-core:jar:3.23.1:test (sources = false)[0m
2023.03.15 14:58:00 INFO  [INFO] SUCCESS: org.assertj:assertj-core:jar:3.23.1:test (sources = false)[0m
2023.03.15 14:58:00 INFO  [INFO] Resolving artifact: org.assertj:assertj-core:jar:3.23.1:test (sources = true)[0m
2023.03.15 14:58:00 INFO  [INFO] SUCCESS: org.assertj:assertj-core:jar:3.23.1:test (sources = true)[0m
2023.03.15 14:58:00 INFO  [INFO] Resolving artifact: org.ow2.asm:asm:jar:9.1:test (sources = false)[0m
2023.03.15 14:58:00 INFO  [INFO] SUCCESS: org.ow2.asm:asm:jar:9.1:test (sources = false)[0m
2023.03.15 14:58:00 INFO  [INFO] Resolving artifact: org.ow2.asm:asm:jar:9.1:test (sources = true)[0m
2023.03.15 14:58:00 INFO  [INFO] SUCCESS: org.ow2.asm:asm:jar:9.1:test (sources = true)[0m
2023.03.15 14:58:00 INFO  [INFO] Resolving artifact: net.bytebuddy:byte-buddy:jar:1.12.23:test (sources = false)[0m
2023.03.15 14:58:00 INFO  [INFO] SUCCESS: net.bytebuddy:byte-buddy:jar:1.12.23:test (sources = false)[0m
2023.03.15 14:58:00 INFO  [INFO] Resolving artifact: net.bytebuddy:byte-buddy:jar:1.12.23:test (sources = true)[0m
2023.03.15 14:58:00 INFO  [INFO] SUCCESS: net.bytebuddy:byte-buddy:jar:1.12.23:test (sources = true)[0m
2023.03.15 14:58:00 INFO  [INFO] Resolving artifact: io.netty:netty-buffer:jar:4.1.89.Final:compile (sources = false)[0m
2023.03.15 14:58:00 INFO  [INFO] SUCCESS: io.netty:netty-buffer:jar:4.1.89.Final:compile (sources = false)[0m
2023.03.15 14:58:00 INFO  [INFO] Resolving artifact: io.netty:netty-buffer:jar:4.1.89.Final:compile (sources = true)[0m
2023.03.15 14:58:00 INFO  [INFO] SUCCESS: io.netty:netty-buffer:jar:4.1.89.Final:compile (sources = true)[0m
2023.03.15 14:58:00 INFO  [INFO] Resolving artifact: org.springframework.boot:spring-boot-starter-logging:jar:3.0.4:compile (sources = false)[0m
2023.03.15 14:58:00 INFO  [INFO] SUCCESS: org.springframework.boot:spring-boot-starter-logging:jar:3.0.4:compile (sources = false)[0m
2023.03.15 14:58:00 INFO  [INFO] Resolving artifact: org.springframework.boot:spring-boot-starter-logging:jar:3.0.4:compile (sources = true)[0m
2023.03.15 14:58:00 INFO  [INFO] SUCCESS: org.springframework.boot:spring-boot-starter-logging:jar:3.0.4:compile (sources = true)[0m
2023.03.15 14:58:00 INFO  [INFO] Resolving artifact: org.mockito:mockito-core:jar:4.8.1:test (sources = false)[0m
2023.03.15 14:58:00 INFO  [INFO] SUCCESS: org.mockito:mockito-core:jar:4.8.1:test (sources = false)[0m
2023.03.15 14:58:00 INFO  [INFO] Resolving artifact: org.mockito:mockito-core:jar:4.8.1:test (sources = true)[0m
2023.03.15 14:58:00 INFO  [INFO] SUCCESS: org.mockito:mockito-core:jar:4.8.1:test (sources = true)[0m
2023.03.15 14:58:00 INFO  [INFO] Resolving artifact: org.springframework:spring-webmvc:jar:6.0.6:compile (sources = false)[0m
2023.03.15 14:58:00 INFO  [INFO] SUCCESS: org.springframework:spring-webmvc:jar:6.0.6:compile (sources = false)[0m
2023.03.15 14:58:00 INFO  [INFO] Resolving artifact: org.springframework:spring-webmvc:jar:6.0.6:compile (sources = true)[0m
2023.03.15 14:58:00 INFO  [INFO] SUCCESS: org.springframework:spring-webmvc:jar:6.0.6:compile (sources = true)[0m
2023.03.15 14:58:00 INFO  [INFO] Resolving artifact: io.netty:netty-common:jar:4.1.89.Final:compile (sources = false)[0m
2023.03.15 14:58:00 INFO  [INFO] SUCCESS: io.netty:netty-common:jar:4.1.89.Final:compile (sources = false)[0m
2023.03.15 14:58:00 INFO  [INFO] Resolving artifact: io.netty:netty-common:jar:4.1.89.Final:compile (sources = true)[0m
2023.03.15 14:58:00 INFO  [INFO] SUCCESS: io.netty:netty-common:jar:4.1.89.Final:compile (sources = true)[0m
2023.03.15 14:58:00 INFO  [INFO] Resolving artifact: org.springframework:spring-context:jar:6.0.6:compile (sources = false)[0m
2023.03.15 14:58:00 INFO  [INFO] SUCCESS: org.springframework:spring-context:jar:6.0.6:compile (sources = false)[0m
2023.03.15 14:58:00 INFO  [INFO] Resolving artifact: org.springframework:spring-context:jar:6.0.6:compile (sources = true)[0m
2023.03.15 14:58:00 INFO  [INFO] SUCCESS: org.springframework:spring-context:jar:6.0.6:compile (sources = true)[0m
2023.03.15 14:58:00 INFO  [INFO] Resolving artifact: org.springframework:spring-test:jar:6.0.6:test (sources = false)[0m
2023.03.15 14:58:00 INFO  [INFO] SUCCESS: org.springframework:spring-test:jar:6.0.6:test (sources = false)[0m
2023.03.15 14:58:00 INFO  [INFO] Resolving artifact: org.springframework:spring-test:jar:6.0.6:test (sources = true)[0m
2023.03.15 14:58:00 INFO  [INFO] SUCCESS: org.springframework:spring-test:jar:6.0.6:test (sources = true)[0m
2023.03.15 14:58:00 INFO  [INFO] Resolving artifact: com.fasterxml.jackson.datatype:jackson-datatype-jdk8:jar:2.14.2:compile (sources = false)[0m
2023.03.15 14:58:00 INFO  [INFO] SUCCESS: com.fasterxml.jackson.datatype:jackson-datatype-jdk8:jar:2.14.2:compile (sources = false)[0m
2023.03.15 14:58:00 INFO  [INFO] Resolving artifact: com.fasterxml.jackson.datatype:jackson-datatype-jdk8:jar:2.14.2:compile (sources = true)[0m
2023.03.15 14:58:00 INFO  [INFO] SUCCESS: com.fasterxml.jackson.datatype:jackson-datatype-jdk8:jar:2.14.2:compile (sources = true)[0m
2023.03.15 14:58:00 INFO  [INFO] Resolving artifact: org.hamcrest:hamcrest:jar:2.2:test (sources = false)[0m
2023.03.15 14:58:00 INFO  [INFO] SUCCESS: org.hamcrest:hamcrest:jar:2.2:test (sources = false)[0m
2023.03.15 14:58:00 INFO  [INFO] Resolving artifact: org.hamcrest:hamcrest:jar:2.2:test (sources = true)[0m
2023.03.15 14:58:00 INFO  [INFO] SUCCESS: org.hamcrest:hamcrest:jar:2.2:test (sources = true)[0m
2023.03.15 14:58:00 INFO  [INFO] Resolving artifact: org.springframework.boot:spring-boot-test-autoconfigure:jar:3.0.4:test (sources = false)[0m
2023.03.15 14:58:00 INFO  [INFO] SUCCESS: org.springframework.boot:spring-boot-test-autoconfigure:jar:3.0.4:test (sources = false)[0m
2023.03.15 14:58:00 INFO  [INFO] Resolving artifact: org.springframework.boot:spring-boot-test-autoconfigure:jar:3.0.4:test (sources = true)[0m
2023.03.15 14:58:00 INFO  [INFO] SUCCESS: org.springframework.boot:spring-boot-test-autoconfigure:jar:3.0.4:test (sources = true)[0m
2023.03.15 14:58:00 INFO  [INFO] Resolving artifact: org.objenesis:objenesis:jar:3.2:test (sources = false)[0m
2023.03.15 14:58:00 INFO  [INFO] SUCCESS: org.objenesis:objenesis:jar:3.2:test (sources = false)[0m
2023.03.15 14:58:00 INFO  [INFO] Resolving artifact: org.objenesis:objenesis:jar:3.2:test (sources = true)[0m
2023.03.15 14:58:00 INFO  [INFO] SUCCESS: org.objenesis:objenesis:jar:3.2:test (sources = true)[0m
2023.03.15 14:58:00 INFO  [INFO] Resolving artifact: com.fasterxml.jackson.module:jackson-module-parameter-names:jar:2.14.2:compile (sources = false)[0m
2023.03.15 14:58:00 INFO  [INFO] SUCCESS: com.fasterxml.jackson.module:jackson-module-parameter-names:jar:2.14.2:compile (sources = false)[0m
2023.03.15 14:58:00 INFO  [INFO] Resolving artifact: com.fasterxml.jackson.module:jackson-module-parameter-names:jar:2.14.2:compile (sources = true)[0m
2023.03.15 14:58:00 INFO  [INFO] SUCCESS: com.fasterxml.jackson.module:jackson-module-parameter-names:jar:2.14.2:compile (sources = true)[0m
2023.03.15 14:58:00 INFO  [INFO] Resolving artifact: org.springframework:spring-web:jar:6.0.6:compile (sources = false)[0m
2023.03.15 14:58:00 INFO  [INFO] SUCCESS: org.springframework:spring-web:jar:6.0.6:compile (sources = false)[0m
2023.03.15 14:58:00 INFO  [INFO] Resolving artifact: org.springframework:spring-web:jar:6.0.6:compile (sources = true)[0m
2023.03.15 14:58:00 INFO  [INFO] SUCCESS: org.springframework:spring-web:jar:6.0.6:compile (sources = true)[0m
2023.03.15 14:58:00 INFO  [INFO] Resolving artifact: org.apache.logging.log4j:log4j-to-slf4j:jar:2.19.0:compile (sources = false)[0m
2023.03.15 14:58:00 INFO  [INFO] SUCCESS: org.apache.logging.log4j:log4j-to-slf4j:jar:2.19.0:compile (sources = false)[0m
2023.03.15 14:58:00 INFO  [INFO] Resolving artifact: org.apache.logging.log4j:log4j-to-slf4j:jar:2.19.0:compile (sources = true)[0m
2023.03.15 14:58:00 INFO  [INFO] SUCCESS: org.apache.logging.log4j:log4j-to-slf4j:jar:2.19.0:compile (sources = true)[0m
2023.03.15 14:58:00 INFO  [INFO] Resolving artifact: org.junit.platform:junit-platform-engine:jar:1.9.2:test (sources = false)[0m
2023.03.15 14:58:00 INFO  [INFO] SUCCESS: org.junit.platform:junit-platform-engine:jar:1.9.2:test (sources = false)[0m
2023.03.15 14:58:00 INFO  [INFO] Resolving artifact: org.junit.platform:junit-platform-engine:jar:1.9.2:test (sources = true)[0m
2023.03.15 14:58:00 INFO  [INFO] SUCCESS: org.junit.platform:junit-platform-engine:jar:1.9.2:test (sources = true)[0m
2023.03.15 14:58:00 INFO  [INFO] Resolving artifact: org.skyscreamer:jsonassert:jar:1.5.1:test (sources = false)[0m
2023.03.15 14:58:00 INFO  [INFO] SUCCESS: org.skyscreamer:jsonassert:jar:1.5.1:test (sources = false)[0m
2023.03.15 14:58:00 INFO  [INFO] Resolving artifact: org.skyscreamer:jsonassert:jar:1.5.1:test (sources = true)[0m
2023.03.15 14:58:00 INFO  [INFO] SUCCESS: org.skyscreamer:jsonassert:jar:1.5.1:test (sources = true)[0m
2023.03.15 14:58:00 INFO  [INFO] Resolving artifact: org.apiguardian:apiguardian-api:jar:1.1.2:test (sources = false)[0m
2023.03.15 14:58:00 INFO  [INFO] SUCCESS: org.apiguardian:apiguardian-api:jar:1.1.2:test (sources = false)[0m
2023.03.15 14:58:00 INFO  [INFO] Resolving artifact: org.apiguardian:apiguardian-api:jar:1.1.2:test (sources = true)[0m
2023.03.15 14:58:00 INFO  [INFO] SUCCESS: org.apiguardian:apiguardian-api:jar:1.1.2:test (sources = true)[0m
2023.03.15 14:58:00 INFO  [INFO] Resolving artifact: net.bytebuddy:byte-buddy-agent:jar:1.12.23:test (sources = false)[0m
2023.03.15 14:58:00 INFO  [INFO] SUCCESS: net.bytebuddy:byte-buddy-agent:jar:1.12.23:test (sources = false)[0m
2023.03.15 14:58:00 INFO  [INFO] Resolving artifact: net.bytebuddy:byte-buddy-agent:jar:1.12.23:test (sources = true)[0m
2023.03.15 14:58:00 INFO  [INFO] SUCCESS: net.bytebuddy:byte-buddy-agent:jar:1.12.23:test (sources = true)[0m
2023.03.15 14:58:00 INFO  [INFO] Resolving artifact: org.junit.jupiter:junit-jupiter:jar:5.9.2:test (sources = false)[0m
2023.03.15 14:58:00 INFO  [INFO] SUCCESS: org.junit.jupiter:junit-jupiter:jar:5.9.2:test (sources = false)[0m
2023.03.15 14:58:00 INFO  [INFO] Resolving artifact: org.junit.jupiter:junit-jupiter:jar:5.9.2:test (sources = true)[0m
2023.03.15 14:58:00 INFO  [INFO] SUCCESS: org.junit.jupiter:junit-jupiter:jar:5.9.2:test (sources = true)[0m
2023.03.15 14:58:00 INFO  [INFO] Resolving artifact: io.netty:netty-codec:jar:4.1.89.Final:compile (sources = false)[0m
2023.03.15 14:58:00 INFO  [INFO] SUCCESS: io.netty:netty-codec:jar:4.1.89.Final:compile (sources = false)[0m
2023.03.15 14:58:00 INFO  [INFO] Resolving artifact: io.netty:netty-codec:jar:4.1.89.Final:compile (sources = true)[0m
2023.03.15 14:58:00 INFO  [INFO] SUCCESS: io.netty:netty-codec:jar:4.1.89.Final:compile (sources = true)[0m
2023.03.15 14:58:00 INFO  [INFO] Resolving artifact: org.springframework.boot:spring-boot-starter-tomcat:jar:3.0.4:compile (sources = false)[0m
2023.03.15 14:58:00 INFO  [INFO] SUCCESS: org.springframework.boot:spring-boot-starter-tomcat:jar:3.0.4:compile (sources = false)[0m
2023.03.15 14:58:00 INFO  [INFO] Resolving artifact: org.springframework.boot:spring-boot-starter-tomcat:jar:3.0.4:compile (sources = true)[0m
2023.03.15 14:58:00 INFO  [INFO] SUCCESS: org.springframework.boot:spring-boot-starter-tomcat:jar:3.0.4:compile (sources = true)[0m
2023.03.15 14:58:00 INFO  [INFO] Resolving artifact: org.springframework:spring-tx:jar:6.0.6:compile (sources = false)[0m
2023.03.15 14:58:00 INFO  [INFO] SUCCESS: org.springframework:spring-tx:jar:6.0.6:compile (sources = false)[0m
2023.03.15 14:58:00 INFO  [INFO] Resolving artifact: org.springframework:spring-tx:jar:6.0.6:compile (sources = true)[0m
2023.03.15 14:58:00 INFO  [INFO] SUCCESS: org.springframework:spring-tx:jar:6.0.6:compile (sources = true)[0m
2023.03.15 14:58:00 INFO  [INFO] Resolving artifact: io.lettuce:lettuce-core:jar:6.2.3.RELEASE:compile (sources = false)[0m
2023.03.15 14:58:00 INFO  [INFO] SUCCESS: io.lettuce:lettuce-core:jar:6.2.3.RELEASE:compile (sources = false)[0m
2023.03.15 14:58:00 INFO  [INFO] Resolving artifact: io.lettuce:lettuce-core:jar:6.2.3.RELEASE:compile (sources = true)[0m
2023.03.15 14:58:00 INFO  [INFO] SUCCESS: io.lettuce:lettuce-core:jar:6.2.3.RELEASE:compile (sources = true)[0m
2023.03.15 14:58:00 INFO  [INFO] Resolving artifact: io.netty:netty-resolver:jar:4.1.89.Final:compile (sources = false)[0m
2023.03.15 14:58:00 INFO  [INFO] SUCCESS: io.netty:netty-resolver:jar:4.1.89.Final:compile (sources = false)[0m
2023.03.15 14:58:00 INFO  [INFO] Resolving artifact: io.netty:netty-resolver:jar:4.1.89.Final:compile (sources = true)[0m
2023.03.15 14:58:00 INFO  [INFO] SUCCESS: io.netty:netty-resolver:jar:4.1.89.Final:compile (sources = true)[0m
2023.03.15 14:58:00 INFO  [INFO] Resolving artifact: com.fasterxml.jackson.core:jackson-core:jar:2.14.2:compile (sources = false)[0m
2023.03.15 14:58:00 INFO  [INFO] SUCCESS: com.fasterxml.jackson.core:jackson-core:jar:2.14.2:compile (sources = false)[0m
2023.03.15 14:58:00 INFO  [INFO] Resolving artifact: com.fasterxml.jackson.core:jackson-core:jar:2.14.2:compile (sources = true)[0m
2023.03.15 14:58:00 INFO  [INFO] SUCCESS: com.fasterxml.jackson.core:jackson-core:jar:2.14.2:compile (sources = true)[0m
2023.03.15 14:58:00 INFO  [INFO] Resolving artifact: org.springframework.boot:spring-boot-starter:jar:3.0.4:compile (sources = false)[0m
2023.03.15 14:58:00 INFO  [INFO] SUCCESS: org.springframework.boot:spring-boot-starter:jar:3.0.4:compile (sources = false)[0m
2023.03.15 14:58:00 INFO  [INFO] Resolving artifact: org.springframework.boot:spring-boot-starter:jar:3.0.4:compile (sources = true)[0m
2023.03.15 14:58:00 INFO  [INFO] SUCCESS: org.springframework.boot:spring-boot-starter:jar:3.0.4:compile (sources = true)[0m
2023.03.15 14:58:00 INFO  [INFO] Resolving artifact: com.vaadin.external.google:android-json:jar:0.0.20131108.vaadin1:test (sources = false)[0m
2023.03.15 14:58:00 INFO  [INFO] SUCCESS: com.vaadin.external.google:android-json:jar:0.0.20131108.vaadin1:test (sources = false)[0m
2023.03.15 14:58:00 INFO  [INFO] Resolving artifact: com.vaadin.external.google:android-json:jar:0.0.20131108.vaadin1:test (sources = true)[0m
2023.03.15 14:58:00 INFO  [INFO] SUCCESS: com.vaadin.external.google:android-json:jar:0.0.20131108.vaadin1:test (sources = true)[0m
2023.03.15 14:58:00 INFO  [INFO] Resolving artifact: org.yaml:snakeyaml:jar:1.33:compile (sources = false)[0m
2023.03.15 14:58:00 INFO  [INFO] SUCCESS: org.yaml:snakeyaml:jar:1.33:compile (sources = false)[0m
2023.03.15 14:58:00 INFO  [INFO] Resolving artifact: org.yaml:snakeyaml:jar:1.33:compile (sources = true)[0m
2023.03.15 14:58:00 INFO  [INFO] SUCCESS: org.yaml:snakeyaml:jar:1.33:compile (sources = true)[0m
2023.03.15 14:58:00 INFO  [INFO] Resolving artifact: org.junit.jupiter:junit-jupiter-api:jar:5.9.2:test (sources = false)[0m
2023.03.15 14:58:00 INFO  [INFO] SUCCESS: org.junit.jupiter:junit-jupiter-api:jar:5.9.2:test (sources = false)[0m
2023.03.15 14:58:00 INFO  [INFO] Resolving artifact: org.junit.jupiter:junit-jupiter-api:jar:5.9.2:test (sources = true)[0m
2023.03.15 14:58:00 INFO  [INFO] SUCCESS: org.junit.jupiter:junit-jupiter-api:jar:5.9.2:test (sources = true)[0m
2023.03.15 14:58:00 INFO  [INFO] Resolving artifact: org.springframework.boot:spring-boot-starter-data-redis:jar:3.0.4:compile (sources = false)[0m
2023.03.15 14:58:00 INFO  [INFO] SUCCESS: org.springframework.boot:spring-boot-starter-data-redis:jar:3.0.4:compile (sources = false)[0m
2023.03.15 14:58:00 INFO  [INFO] Resolving artifact: org.springframework.boot:spring-boot-starter-data-redis:jar:3.0.4:compile (sources = true)[0m
2023.03.15 14:58:00 INFO  [INFO] SUCCESS: org.springframework.boot:spring-boot-starter-data-redis:jar:3.0.4:compile (sources = true)[0m
2023.03.15 14:58:00 INFO  [INFO] Resolving artifact: org.reactivestreams:reactive-streams:jar:1.0.4:compile (sources = false)[0m
2023.03.15 14:58:00 INFO  [INFO] SUCCESS: org.reactivestreams:reactive-streams:jar:1.0.4:compile (sources = false)[0m
2023.03.15 14:58:00 INFO  [INFO] Resolving artifact: org.reactivestreams:reactive-streams:jar:1.0.4:compile (sources = true)[0m
2023.03.15 14:58:00 INFO  [INFO] SUCCESS: org.reactivestreams:reactive-streams:jar:1.0.4:compile (sources = true)[0m
2023.03.15 14:58:00 INFO  [INFO] Resolving artifact: jakarta.activation:jakarta.activation-api:jar:2.1.1:test (sources = false)[0m
2023.03.15 14:58:00 INFO  [INFO] SUCCESS: jakarta.activation:jakarta.activation-api:jar:2.1.1:test (sources = false)[0m
2023.03.15 14:58:00 INFO  [INFO] Resolving artifact: jakarta.activation:jakarta.activation-api:jar:2.1.1:test (sources = true)[0m
2023.03.15 14:58:00 INFO  [INFO] SUCCESS: jakarta.activation:jakarta.activation-api:jar:2.1.1:test (sources = true)[0m
2023.03.15 14:58:00 INFO  [INFO] Resolving artifact: jakarta.xml.bind:jakarta.xml.bind-api:jar:4.0.0:test (sources = false)[0m
2023.03.15 14:58:00 INFO  [INFO] SUCCESS: jakarta.xml.bind:jakarta.xml.bind-api:jar:4.0.0:test (sources = false)[0m
2023.03.15 14:58:00 INFO  [INFO] Resolving artifact: jakarta.xml.bind:jakarta.xml.bind-api:jar:4.0.0:test (sources = true)[0m
2023.03.15 14:58:00 INFO  [INFO] SUCCESS: jakarta.xml.bind:jakarta.xml.bind-api:jar:4.0.0:test (sources = true)[0m
2023.03.15 14:58:00 INFO  [INFO] Resolving artifact: io.projectreactor:reactor-core:jar:3.5.3:compile (sources = false)[0m
2023.03.15 14:58:00 INFO  [INFO] SUCCESS: io.projectreactor:reactor-core:jar:3.5.3:compile (sources = false)[0m
2023.03.15 14:58:00 INFO  [INFO] Resolving artifact: io.projectreactor:reactor-core:jar:3.5.3:compile (sources = true)[0m
2023.03.15 14:58:00 INFO  [INFO] SUCCESS: io.projectreactor:reactor-core:jar:3.5.3:compile (sources = true)[0m
2023.03.15 14:58:00 INFO  [INFO] Resolving artifact: org.springframework:spring-core:jar:6.0.6:compile (sources = false)[0m
2023.03.15 14:58:00 INFO  [INFO] SUCCESS: org.springframework:spring-core:jar:6.0.6:compile (sources = false)[0m
2023.03.15 14:58:00 INFO  [INFO] Resolving artifact: org.springframework:spring-core:jar:6.0.6:compile (sources = true)[0m
2023.03.15 14:58:00 INFO  [INFO] SUCCESS: org.springframework:spring-core:jar:6.0.6:compile (sources = true)[0m
2023.03.15 14:58:00 INFO  [INFO] Generated .bloop/cart-test.json[0m
2023.03.15 14:58:00 INFO  [INFO] ------------------------------------------------------------------------[0m
2023.03.15 14:58:00 INFO  [INFO] BUILD SUCCESS[0m
2023.03.15 14:58:00 INFO  [INFO] ------------------------------------------------------------------------[0m
2023.03.15 14:58:00 INFO  [INFO] Total time:  1.364 s[0m
2023.03.15 14:58:00 INFO  [INFO] Finished at: 2023-03-15T14:58:00+01:00[0m
2023.03.15 14:58:00 INFO  [INFO] ------------------------------------------------------------------------[0m
2023.03.15 14:58:00 INFO  time: ran 'mvn bloopInstall' in 2.33s[0m
2023.03.15 14:58:00 INFO  Attempting to connect to the build server...[0m
2023.03.15 14:58:00 INFO  Bloop uses /usr/lib/jvm/java-11-openjdk-amd64 defined at /home/ascoz/.bloop/bloop.json[0m
2023.03.15 14:58:00 INFO  tracing is disabled for protocol BSP, to enable tracing of incoming and outgoing JSON messages create an empty file at /home/ascoz/Documents/java/PolyStore/cart/.metals/bsp.trace.json or /home/ascoz/.cache/metals/bsp.trace.json[0m
2023.03.15 14:58:00 INFO  time: Connected to build server in 0.25s[0m
2023.03.15 14:58:00 INFO  Connected to Build server: Bloop v1.5.6[0m
2023.03.15 14:58:02 WARN  Could not find java sources in /usr/lib/jvm/src.zip, /usr/lib/jvm/lib/src.zip, /usr/lib/jvm/java-17-openjdk-amd64/src.zip, /usr/lib/jvm/java-17-openjdk-amd64/lib/src.zip. Java symbols will not be available.[0m
2023.03.15 14:58:02 WARN  Could not find java sources in /usr/lib/jvm/src.zip, /usr/lib/jvm/lib/src.zip, /usr/lib/jvm/java-17-openjdk-amd64/src.zip, /usr/lib/jvm/java-17-openjdk-amd64/lib/src.zip. Java symbols will not be available.[0m
2023.03.15 14:58:02 WARN  Could not find java sources in /usr/lib/jvm/src.zip, /usr/lib/jvm/lib/src.zip, /usr/lib/jvm/java-17-openjdk-amd64/src.zip, /usr/lib/jvm/java-17-openjdk-amd64/lib/src.zip. Java symbols will not be available.[0m
2023.03.15 14:58:02 INFO  time: indexed workspace in 1.73s[0m
2023.03.15 14:58:02 INFO  compiling cart (1 java source)[0m
2023.03.15 14:58:02 WARN  Error reading API from class file: fr.polytech.polystore.cart.CartApplication : java.lang.UnsupportedClassVersionError: fr/polytech/polystore/cart/CartApplication has been compiled by a more recent version of the Java Runtime (class file version 61.0), this version of the Java Runtime only recognizes class file versions up to 55.0[0m
2023.03.15 14:58:02 INFO  time: compiled cart in 0.86s[0m
2023.03.15 14:58:02 INFO  compiling cart-test (1 java source)[0m
2023.03.15 14:58:04 WARN  Error reading API from class file: fr.polytech.polystore.cart.CartApplicationTests : java.lang.UnsupportedClassVersionError: fr/polytech/polystore/cart/CartApplicationTests has been compiled by a more recent version of the Java Runtime (class file version 61.0), this version of the Java Runtime only recognizes class file versions up to 55.0[0m
2023.03.15 14:58:04 INFO  time: compiled cart-test in 0.87s[0m
2023.03.15 14:58:09 INFO  compiling cart (1 java source)[0m
2023.03.15 14:58:09 INFO  time: compiled cart in 0.88s[0m
2023.03.15 14:58:10 INFO  compiling cart (1 java source)[0m
2023.03.15 14:58:11 WARN  javac exited with exit code 1[0m
2023.03.15 14:58:11 INFO  time: compiled cart in 1.05s[0m
2023.03.15 14:58:16 INFO  Shutting down server[0m
2023.03.15 14:58:16 INFO  shutting down Metals[0m
2023.03.15 14:58:16 INFO  Shut down connection with build server.[0m
2023.03.15 14:58:16 INFO  Exiting server[0m
